{"message":"Request: POST /api/sensors","level":"info"}
{"message":"Request: POST /api/sensors","level":"info"}
{"message":"Request: POST /api/sensors","level":"info"}
{"message":"Request: POST /api/sensors","level":"info"}
{"message":"Request: POST /api/sensors","level":"info"}
{"message":"Request: POST /api/sensors","level":"info"}
{"message":"Request: POST /api/sensors","level":"info"}
{"message":"Request: POST /api/sensors","level":"info"}
{"message":"Request: POST /api/sensors","level":"info"}
{"message":"Request: POST /api/sensors","level":"info"}
{"message":"Request: POST /api/sensors","level":"info"}
{"message":"Request: POST /api/sensors","level":"info"}
{"message":"Request: POST /api/sensors","level":"info"}
{"message":"Request: POST /api/sensors","level":"info"}
{"message":"Request: POST /api/sensors","level":"info"}
{"message":"Request: PUT /api/sensors/measurements/snapshot","level":"info"}
{"message":"Request: PUT /api/sensors/measurements/snapshot","level":"info"}
{"message":"Request: PUT /api/sensors/measurements/snapshot","level":"info"}
{"message":"Request: PUT /api/sensors/measurements/snapshot","level":"info"}
{"message":"Request: PUT /api/sensors/measurements/snapshot","level":"info"}
{"message":"Request: PUT /api/sensors/measurements/snapshot","level":"info"}
{"message":"Request: PUT /api/sensors/measurements/snapshot","level":"info"}
{"message":"Request: PUT /api/sensors/measurements/snapshot","level":"info"}
{"message":"Request: GET /api/devices/e0db0991-5c15-4a98-bd05-7ed14cefbca5/status","level":"info"}
{"message":"Request: GET /api/devices/e0db0991-5c15-4a98-bd05-7ed14cefbca5/status","level":"info"}
{"message":"Request: GET /api/devices/e0db0991-5c15-4a98-bd05-7ed14cefbca5/status","level":"info"}
{"message":"Request: GET /api/devices/e0db0991-5c15-4a98-bd05-7ed14cefbca5/status","level":"info"}
{"message":"Request: GET /api/devices/e0db0991-5c15-4a98-bd05-7ed14cefbca5/status","level":"info"}
{"message":"Request: GET /api/devices/e0db0991-5c15-4a98-bd05-7ed14cefbca5/status","level":"info"}
{"message":"Request: GET /api/devices/e0db0991-5c15-4a98-bd05-7ed14cefbca5/status","level":"info"}
{"message":"Request: GET /api/devices/e0db0991-5c15-4a98-bd05-7ed14cefbca5/status","level":"info"}
{"message":"Request: GET /api/devices/e0db0991-5c15-4a98-bd05-7ed14cefbca5/status","level":"info"}
{"message":"Request: GET /api/devices/e0db0991-5c15-4a98-bd05-7ed14cefbca5/status","level":"info"}
{"message":"Request: GET /api/devices/e0db0991-5c15-4a98-bd05-7ed14cefbca5/status","level":"info"}
{"message":"Request: GET /api/devices/e0db0991-5c15-4a98-bd05-7ed14cefbca5/status","level":"info"}
{"message":"Request: PUT /api/devices/e0db0991-5c15-4a98-bd05-7ed14cefbca5/status","level":"info"}
{"message":"Request: PUT /api/devices/e0db0991-5c15-4a98-bd05-7ed14cefbca5/status","level":"info"}
{"message":"Request: PUT /api/devices/e0db0991-5c15-4a98-bd05-7ed14cefbca5/status","level":"info"}
{"message":"Request: PUT /api/devices/e0db0991-5c15-4a98-bd05-7ed14cefbca5/status","level":"info"}
{"message":"Request: GET /api/devices/e0db0991-5c15-4a98-bd05-7ed14cefbca5/status","level":"info"}
{"message":"Request: PUT /api/devices/e0db0991-5c15-4a98-bd05-7ed14cefbca5/status","level":"info"}
{"message":"Request: PUT /api/devices/e0db0991-5c15-4a98-bd05-7ed14cefbca5/status","level":"info"}
{"message":"Request: PUT /api/devices/e0db0991-5c15-4a98-bd05-7ed14cefbca5/status","level":"info"}
{"message":"Request: PUT /api/devices/e0db0991-5c15-4a98-bd05-7ed14cefbca5/status","level":"info"}
{"message":"Request: PUT /api/devices/e0db0991-5c15-4a98-bd05-7ed14cefbca5/status","level":"info"}
{"message":"Request: PUT /api/devices/e0db0991-5c15-4a98-bd05-7ed14cefbca5/status","level":"info"}
{"message":"Request: GET /api/devices/e0db0991-5c15-4a98-bd05-7ed14cefbca5/status","level":"info"}
{"message":"Request: GET /api/devices/e0db0991-5c15-4a98-bd05-7ed14cefbca5/status","level":"info"}
{"message":"Request: GET /api/devices/e0db0991-5c15-4a98-bd05-7ed14cefbca5/status","level":"info"}
{"message":"Request: GET /api/devices/e0db0991-5c15-4a98-bd05-7ed14cefbca5/status","level":"info"}
{"message":"Request: GET /api/devices/e0db0991-5c15-4a98-bd05-7ed14cefbca5/status","level":"info"}
{"message":"Request: GET /api/devices/e0db0991-5c15-4a98-bd05-7ed14cefbca5/status","level":"info"}
{"message":"Request: GET /api/devices/e0db0991-5c15-4a98-bd05-7ed14cefbca5/status","level":"info"}
{"message":"Request: GET /api/devices/e0db0991-5c15-4a98-bd05-7ed14cefbca5/status","level":"info"}
{"message":"Request: GET /api/devices/e0db0991-5c15-4a98-bd05-7ed14cefbca5/status","level":"info"}
{"message":"Request: GET /api/devices/e0db0991-5c15-4a98-bd05-7ed14cefbca5/status","level":"info"}
{"message":"Request: GET /api/devices/e0db0991-5c15-4a98-bd05-7ed14cefbca5/status","level":"info"}
{"message":"Request: GET /api/devices/e0db0991-5c15-4a98-bd05-7ed14cefbca5/status","level":"info"}
{"message":"Request: GET /api/devices/e0db0991-5c15-4a98-bd05-7ed14cefbca5/status","level":"info"}
{"message":"Request: GET /api/devices/e0db0991-5c15-4a98-bd05-7ed14cefbca5/status","level":"info"}
{"message":"Request: GET /api/devices/e0db0991-5c15-4a98-bd05-7ed14cefbca5/status","level":"info"}
{"message":"Request: GET /api/devices/e0db0991-5c15-4a98-bd05-7ed14cefbca5/status","level":"info"}
{"message":"Request: GET /api/devices/e0db0991-5c15-4a98-bd05-7ed14cefbca5/status","level":"info"}
{"message":"Request: GET /api/devices/e0db0991-5c15-4a98-bd05-7ed14cefbca5/status","level":"info"}
{"message":"Request: GET /api/devices/e0db0991-5c15-4a98-bd05-7ed14cefbca5/status","level":"info"}
{"message":"Request: GET /api/devices/e0db0991-5c15-4a98-bd05-7ed14cefbca5/status","level":"info"}
{"message":"Request: GET /api/devices/e0db0991-5c15-4a98-bd05-7ed14cefbca5/status","level":"info"}
{"message":"Request: GET /api/devices/e0db0991-5c15-4a98-bd05-7ed14cefbca5/status","level":"info"}
{"message":"Request: GET /api/devices/e0db0991-5c15-4a98-bd05-7ed14cefbca5/status","level":"info"}
{"message":"Request: GET /api/devices/e0db0991-5c15-4a98-bd05-7ed14cefbca5/status","level":"info"}
{"message":"Request: GET /api/devices/e0db0991-5c15-4a98-bd05-7ed14cefbca5/status","level":"info"}
{"message":"Request: GET /api/devices/e0db0991-5c15-4a98-bd05-7ed14cefbca5/status","level":"info"}
{"message":"Request: GET /api/devices/e0db0991-5c15-4a98-bd05-7ed14cefbca5/status","level":"info"}
{"message":"Request: GET /api/devices/e0db0991-5c15-4a98-bd05-7ed14cefbca5/status","level":"info"}
{"message":"Request: GET /api/devices/e0db0991-5c15-4a98-bd05-7ed14cefbca5/status","level":"info"}
{"message":"Request: GET /api/devices/e0db0991-5c15-4a98-bd05-7ed14cefbca5/status","level":"info"}
{"message":"Request: PUT /api/devices/e0db0991-5c15-4a98-bd05-7ed14cefbca5/status","level":"info"}
{"message":"Request: GET /api/devices/e0db0991-5c15-4a98-bd05-7ed14cefbca5/status","level":"info"}
{"message":"Request: GET /api/devices/e0db0991-5c15-4a98-bd05-7ed14cefbca5/status","level":"info"}
{"message":"Request: GET /api/devices/e0db0991-5c15-4a98-bd05-7ed14cefbca5/status","level":"info"}
{"message":"Request: GET /api/devices/e0db0991-5c15-4a98-bd05-7ed14cefbca5/status","level":"info"}
{"message":"Request: GET /api/devices/e0db0991-5c15-4a98-bd05-7ed14cefbca5/status","level":"info"}
{"message":"Request: GET /api/devices/e0db0991-5c15-4a98-bd05-7ed14cefbca5/status","level":"info"}
{"message":"Request: GET /api/devices/e0db0991-5c15-4a98-bd05-7ed14cefbca5/status","level":"info"}
{"message":"Request: GET /api/devices/e0db0991-5c15-4a98-bd05-7ed14cefbca5/status","level":"info"}
{"message":"Request: GET /api/devices/e0db0991-5c15-4a98-bd05-7ed14cefbca5/status","level":"info"}
{"message":"Request: GET /api/devices/e0db0991-5c15-4a98-bd05-7ed14cefbca5/status","level":"info"}
{"message":"Request: GET /api/devices/e0db0991-5c15-4a98-bd05-7ed14cefbca5/status","level":"info"}
{"message":"Request: GET /api/devices/e0db0991-5c15-4a98-bd05-7ed14cefbca5/status","level":"info"}
{"message":"Request: GET /api/devices/e0db0991-5c15-4a98-bd05-7ed14cefbca5/status","level":"info"}
{"message":"Request: GET /api/devices/e0db0991-5c15-4a98-bd05-7ed14cefbca5/status","level":"info"}
{"message":"Request: GET /api/devices/e0db0991-5c15-4a98-bd05-7ed14cefbca5/status","level":"info"}
{"message":"Request: GET /api/devices/e0db0991-5c15-4a98-bd05-7ed14cefbca5/status","level":"info"}
{"message":"Request: POST /api/sensors","level":"info"}
{"message":"Request: POST /api/devices/e0db0991-5c15-4a98-bd05-7ed14cefbca5/status","level":"info"}
{"message":"Request: POST /api/devices/e0db0991-5c15-4a98-bd05-7ed14cefbca5/status","level":"info"}
{"message":"Request: POST /api/devices/e0db0991-5c15-4a98-bd05-7ed14cefbca5/status","level":"info"}
{"message":"Request: PUT /api/devices/e0db0991-5c15-4a98-bd05-7ed14cefbca5/status","level":"info"}
{"message":"Request: PUT /api/devices/e0db0991-5c15-4a98-bd05-7ed14cefbca5/status","level":"info"}
{"message":"Request: PUT /api/devices/e0db0991-5c15-4a98-bd05-7ed14cefbca5/status","level":"info"}
{"message":"Request: PUT /api/devices/e0db0991-5c15-4a98-bd05-7ed14cefbca5/status","level":"info"}
{"message":"Request: PUT /api/devices/e0db0991-5c15-4a98-bd05-7ed14cefbca5/status","level":"info"}
{"message":"Request: PUT /api/devices/e0db0991-5c15-4a98-bd05-7ed14cefbca5/status","level":"info"}
{"message":"Request: PUT /api/devices/e0db0991-5c15-4a98-bd05-7ed14cefbca5/status","level":"info"}
{"message":"Request: PUT /api/devices/e0db0991-5c15-4a98-bd05-7ed14cefbca5/status","level":"info"}
{"message":"Request: PUT /api/devices/e0db0991-5c15-4a98-bd05-7ed14cefbca5/status","level":"info"}
{"message":"Request: PUT /api/devices/e0db0991-5c15-4a98-bd05-7ed14cefbca5/status","level":"info"}
{"message":"Request: PUT /api/devices/e0db0991-5c15-4a98-bd05-7ed14cefbca5/status","level":"info"}
{"message":"Request: PUT /api/devices/e0db0991-5c15-4a98-bd05-7ed14cefbca5/status","level":"info"}
{"message":"Request: PUT /api/devices/e0db0991-5c15-4a98-bd05-7ed14cefbca5/status","level":"info"}
{"message":"Request: PUT /api/devices/e0db0991-5c15-4a98-bd05-7ed14cefbca5/status","level":"info"}
{"message":"Request: PUT /api/devices/e0db0991-5c15-4a98-bd05-7ed14cefbca5/status","level":"info"}
{"message":"Request: PUT /api/devices/e0db0991-5c15-4a98-bd05-7ed14cefbca5/status","level":"info"}
{"message":"Request: PUT /api/devices/e0db0991-5c15-4a98-bd05-7ed14cefbca5/status","level":"info"}
{"message":"Request: GET /api/devices/e0db0991-5c15-4a98-bd05-7ed14cefbca5/sensors/451ab95b-fd1f-4c2c-a014-e55b33ce8777","level":"info"}
{"message":"Request: GET /api/devices/e0db0991-5c15-4a98-bd05-7ed14cefbca5/sensors/451ab95b-fd1f-4c2c-a014-e55b33ce8777","level":"info"}
{"message":"Request: GET /api/devices/e0db0991-5c15-4a98-bd05-7ed14cefbca5/sensors/451ab95b-fd1f-4c2c-a014-e55b33ce8777","level":"info"}
{"message":"Request: GET /api/devices/e0db0991-5c15-4a98-bd05-7ed14cefbca5/sensors/451ab95b-fd1f-4c2c-a014-e55b33ce8777","level":"info"}
{"message":"Request: GET /api/devices/e0db0991-5c15-4a98-bd05-7ed14cefbca5/sensors/451ab95b-fd1f-4c2c-a014-e55b33ce8777","level":"info"}
{"message":"Request: GET /api/devices/e0db0991-5c15-4a98-bd05-7ed14cefbca5/sensors/451ab95b-fd1f-4c2c-a014-e55b33ce8777","level":"info"}
{"message":"Request: GET /api/devices/e0db0991-5c15-4a98-bd05-7ed14cefbca5/sensors/451ab95b-fd1f-4c2c-a014-e55b33ce8777","level":"info"}
{"message":"Request: GET /api/devices/e0db0991-5c15-4a98-bd05-7ed14cefbca5/sensors/451ab95b-fd1f-4c2c-a014-e55b33ce8777","level":"info"}
{"message":"Request: GET /api/devices/e0db0991-5c15-4a98-bd05-7ed14cefbca5/sensors/451ab95b-fd1f-4c2c-a014-e55b33ce8777","level":"info"}
{"message":"Request: PUT /api/devices/e0db0991-5c15-4a98-bd05-7ed14cefbca5/status","level":"info"}
{"message":"Request: PUT /api/devices/e0db0991-5c15-4a98-bd05-7ed14cefbca5/status","level":"info"}
{"message":"Request: PUT /api/devices/e0db0991-5c15-4a98-bd05-7ed14cefbca5/status","level":"info"}
{"message":"Request: GET /api/devices/e0db0991-5c15-4a98-bd05-7ed14cefbca5/sensors/2c7ffa6e-0163-4284-a3dd-10e0f123b523","level":"info"}
{"message":"Request: GET /api/devices/e0db0991-5c15-4a98-bd05-7ed14cefbca5/sensors/2c7ffa6e-0163-4284-a3dd-10e0f123b523","level":"info"}
{"message":"Request: GET /api/devices/e0db0991-5c15-4a98-bd05-7ed14cefbca5/sensors/2c7ffa6e-0163-4284-a3dd-10e0f123b523","level":"info"}
{"message":"Request: GET /api/devices/e0db0991-5c15-4a98-bd05-7ed14cefbca5/sensors/2c7ffa6e-0163-4284-a3dd-10e0f123b523","level":"info"}
{"message":"Request: GET /api/devices/e0db0991-5c15-4a98-bd05-7ed14cefbca5/sensors/2c7ffa6e-0163-4284-a3dd-10e0f123b523","level":"info"}
{"message":"Request: GET /api/devices/e0db0991-5c15-4a98-bd05-7ed14cefbca5/sensors/2c7ffa6e-0163-4284-a3dd-10e0f123b523","level":"info"}
{"message":"Request: GET /api/devices/e0db0991-5c15-4a98-bd05-7ed14cefbca5/sensors/2c7ffa6e-0163-4284-a3dd-10e0f123b523","level":"info"}
{"message":"Request: GET /api/devices/e0db0991-5c15-4a98-bd05-7ed14cefbca5/sensors/2c7ffa6e-0163-4284-a3dd-10e0f123b523","level":"info"}
{"message":"Request: GET /api/devices/e0db0991-5c15-4a98-bd05-7ed14cefbca5/status","level":"info"}
{"message":"Request: GET /api/devices/e0db0991-5c15-4a98-bd05-7ed14cefbca5/status","level":"info"}
{"message":"Request: GET /api/devices/e0db0991-5c15-4a98-bd05-7ed14cefbca5/status","level":"info"}
{"message":"Request: GET /api/devices/e0db0991-5c15-4a98-bd05-7ed14cefbca5/status","level":"info"}
{"message":"Request: GET /api/devices/e0db0991-5c15-4a98-bd05-7ed14cefbca5/status","level":"info"}
{"message":"Request: GET /api/devices/e0db0991-5c15-4a98-bd05-7ed14cefbca5/status","level":"info"}
{"message":"Request: GET /api/devices/e0db0991-5c15-4a98-bd05-7ed14cefbca5/status","level":"info"}
{"message":"Request: GET /api/devices/e0db0991-5c15-4a98-bd05-7ed14cefbca5/status","level":"info"}
{"message":"Request: GET /api/devices/e0db0991-5c15-4a98-bd05-7ed14cefbca5/status","level":"info"}
{"message":"Request: GET /api/devices/e0db0991-5c15-4a98-bd05-7ed14cefbca5/status","level":"info"}
{"message":"Request: GET /api/devices/e0db0991-5c15-4a98-bd05-7ed14cefbca5/status","level":"info"}
{"message":"Request: GET /api/devices/e0db0991-5c15-4a98-bd05-7ed14cefbca5/status","level":"info"}
{"message":"Request: GET /api/devices/e0db0991-5c15-4a98-bd05-7ed14cefbca5/status","level":"info"}
{"message":"Request: GET /api/devices/e0db0991-5c15-4a98-bd05-7ed14cefbca5/status","level":"info"}
{"message":"Request: GET /api/devices/e0db0991-5c15-4a98-bd05-7ed14cefbca5/status","level":"info"}
{"message":"Request: GET /api/devices/e0db0991-5c15-4a98-bd05-7ed14cefbca5/status","level":"info"}
{"message":"Request: GET /api/devices/e0db0991-5c15-4a98-bd05-7ed14cefbca5/status","level":"info"}
{"message":"Request: GET /api/devices/e0db0991-5c15-4a98-bd05-7ed14cefbca5/status","level":"info"}
{"message":"Request: GET /api/devices/e0db0991-5c15-4a98-bd05-7ed14cefbca5/status","level":"info"}
{"message":"Request: GET /api/devices/e0db0991-5c15-4a98-bd05-7ed14cefbca5/status","level":"info"}
{"message":"Request: GET /api/devices/e0db0991-5c15-4a98-bd05-7ed14cefbca5/status","level":"info"}
{"message":"Request: GET /api/devices/e0db0991-5c15-4a98-bd05-7ed14cefbca5/status","level":"info"}
{"message":"Request: GET /api/devices/e0db0991-5c15-4a98-bd05-7ed14cefbca5/status","level":"info"}
{"message":"Request: GET /api/devices/e0db0991-5c15-4a98-bd05-7ed14cefbca5/status","level":"info"}
{"message":"Request: GET /api/devices/e0db0991-5c15-4a98-bd05-7ed14cefbca5/status","level":"info"}
{"message":"Request: GET /api/devices/e0db0991-5c15-4a98-bd05-7ed14cefbca5/status","level":"info"}
{"message":"Request: GET /api/devices/e0db0991-5c15-4a98-bd05-7ed14cefbca5/status","level":"info"}
{"message":"Request: GET /api/devices/e0db0991-5c15-4a98-bd05-7ed14cefbca5/status","level":"info"}
{"message":"Request: GET /api/devices/e0db0991-5c15-4a98-bd05-7ed14cefbca5/status","level":"info"}
{"message":"Request: GET /api/devices/e0db0991-5c15-4a98-bd05-7ed14cefbca5/status","level":"info"}
{"message":"Request: GET /api/devices/e0db0991-5c15-4a98-bd05-7ed14cefbca5/status","level":"info"}
{"message":"Request: GET /api/devices/e0db0991-5c15-4a98-bd05-7ed14cefbca5/status","level":"info"}
{"message":"Request: GET /api/devices/e0db0991-5c15-4a98-bd05-7ed14cefbca5/status","level":"info"}
{"message":"Request: GET /api/devices/e0db0991-5c15-4a98-bd05-7ed14cefbca5/status","level":"info"}
{"message":"Request: GET /api/devices/e0db0991-5c15-4a98-bd05-7ed14cefbca5/status","level":"info"}
{"message":"Request: GET /api/devices/e0db0991-5c15-4a98-bd05-7ed14cefbca5/status","level":"info"}
{"message":"Request: GET /api/devices/e0db0991-5c15-4a98-bd05-7ed14cefbca5/status","level":"info"}
{"message":"Request: GET /api/devices/e0db0991-5c15-4a98-bd05-7ed14cefbca5/status","level":"info"}
{"message":"Request: GET /api/devices/e0db0991-5c15-4a98-bd05-7ed14cefbca5/status","level":"info"}
{"message":"Request: GET /api/devices/e0db0991-5c15-4a98-bd05-7ed14cefbca5/status","level":"info"}
{"message":"Request: GET /api/devices/e0db0991-5c15-4a98-bd05-7ed14cefbca5/status","level":"info"}
{"message":"Request: GET /api/devices/e0db0991-5c15-4a98-bd05-7ed14cefbca5/status","level":"info"}
{"message":"Request: GET /api/devices/e0db0991-5c15-4a98-bd05-7ed14cefbca5/status","level":"info"}
{"message":"Request: GET /api/devices/e0db0991-5c15-4a98-bd05-7ed14cefbca5/status","level":"info"}
{"message":"Request: GET /api/devices/e0db0991-5c15-4a98-bd05-7ed14cefbca5/status","level":"info"}
{"message":"Request: GET /api/devices/e0db0991-5c15-4a98-bd05-7ed14cefbca5/status","level":"info"}
{"message":"Request: GET /api/devices/e0db0991-5c15-4a98-bd05-7ed14cefbca5/status","level":"info"}
{"message":"Request: GET /api/devices/e0db0991-5c15-4a98-bd05-7ed14cefbca5/status","level":"info"}
{"message":"Request: GET /api/devices/e0db0991-5c15-4a98-bd05-7ed14cefbca5/status","level":"info"}
{"message":"Request: GET /api/devices/e0db0991-5c15-4a98-bd05-7ed14cefbca5/status","level":"info"}
{"message":"Request: GET /api/devices/e0db0991-5c15-4a98-bd05-7ed14cefbca5/status","level":"info"}
{"message":"Request: GET /api/devices/e0db0991-5c15-4a98-bd05-7ed14cefbca5/status","level":"info"}
{"message":"Request: GET /api/devices/e0db0991-5c15-4a98-bd05-7ed14cefbca5/status","level":"info"}
{"message":"Request: GET /api/devices/e0db0991-5c15-4a98-bd05-7ed14cefbca5/status","level":"info"}
{"message":"Request: GET /api/devices/e0db0991-5c15-4a98-bd05-7ed14cefbca5/status","level":"info"}
{"message":"Request: GET /api/devices/e0db0991-5c15-4a98-bd05-7ed14cefbca5/status","level":"info"}
{"message":"Request: GET /api/devices/e0db0991-5c15-4a98-bd05-7ed14cefbca5/status","level":"info"}
{"message":"Request: GET /api/devices/e0db0991-5c15-4a98-bd05-7ed14cefbca5/status","level":"info"}
{"message":"Request: GET /api/devices/e0db0991-5c15-4a98-bd05-7ed14cefbca5/status","level":"info"}
{"message":"Request: GET /api/devices/e0db0991-5c15-4a98-bd05-7ed14cefbca5/status","level":"info"}
{"message":"Request: GET /api/devices/e0db0991-5c15-4a98-bd05-7ed14cefbca5/status","level":"info"}
{"message":"Request: GET /api/devices/e0db0991-5c15-4a98-bd05-7ed14cefbca5/status","level":"info"}
{"message":"Request: GET /api/devices/e0db0991-5c15-4a98-bd05-7ed14cefbca5/sensors/2c7ffa6e-0163-4284-a3dd-10e0f123b523","level":"info"}
{"message":"Request: GET /api/devices/e0db0991-5c15-4a98-bd05-7ed14cefbca5/status","level":"info"}
{"message":"Request: GET /api/devices/e0db0991-5c15-4a98-bd05-7ed14cefbca5/status","level":"info"}
{"message":"Request: GET /api/devices/e0db0991-5c15-4a98-bd05-7ed14cefbca5/status","level":"info"}
{"message":"Request: GET /api/devices/e0db0991-5c15-4a98-bd05-7ed14cefbca5/sensors/2c7ffa6e-0163-4284-a3dd-10e0f123b523","level":"info"}
{"message":"Request: GET /api/devices/e0db0991-5c15-4a98-bd05-7ed14cefbca5/sensors/2c7ffa6e-0163-4284-a3dd-10e0f123b523","level":"info"}
{"message":"Request: GET /api/devices/e0db0991-5c15-4a98-bd05-7ed14cefbca5/sensors/2c7ffa6e-0163-4284-a3dd-10e0f123b523","level":"info"}
{"message":"Request: GET /api/devices/e0db0991-5c15-4a98-bd05-7ed14cefbca5/sensors/2c7ffa6e-0163-4284-a3dd-10e0f123b523","level":"info"}
{"message":"Request: GET /api/devices/e0db0991-5c15-4a98-bd05-7ed14cefbca5/sensors/2c7ffa6e-0163-4284-a3dd-10e0f123b523","level":"info"}
{"message":"Request: GET /api/devices/e0db0991-5c15-4a98-bd05-7ed14cefbca5/sensors/2c7ffa6e-0163-4284-a3dd-10e0f123b523","level":"info"}
{"message":"Request: GET /api/devices/e0db0991-5c15-4a98-bd05-7ed14cefbca5/sensors/2c7ffa6e-0163-4284-a3dd-10e0f123b523","level":"info"}
{"message":"Request: GET /api/devices/e0db0991-5c15-4a98-bd05-7ed14cefbca5/sensors/2c7ffa6e-0163-4284-a3dd-10e0f123b523","level":"info"}
{"message":"Request: GET /api/devices/e0db0991-5c15-4a98-bd05-7ed14cefbca5/sensors/2c7ffa6e-0163-4284-a3dd-10e0f123b523","level":"info"}
{"message":"Request: GET /api/devices/e0db0991-5c15-4a98-bd05-7ed14cefbca5/sensors/2c7ffa6e-0163-4284-a3dd-10e0f123b523","level":"info"}
{"message":"Request: GET /api/devices/e0db0991-5c15-4a98-bd05-7ed14cefbca5/sensors/2c7ffa6e-0163-4284-a3dd-10e0f123b523","level":"info"}
{"message":"Request: GET /api/devices/e0db0991-5c15-4a98-bd05-7ed14cefbca5/sensors/2c7ffa6e-0163-4284-a3dd-10e0f123b523","level":"info"}
{"message":"Request: GET /api/devices/e0db0991-5c15-4a98-bd05-7ed14cefbca5/sensors/2c7ffa6e-0163-4284-a3dd-10e0f123b523","level":"info"}
{"message":"Request: GET /api/devices/e0db0991-5c15-4a98-bd05-7ed14cefbca5/sensors/2c7ffa6e-0163-4284-a3dd-10e0f123b523","level":"info"}
{"message":"Request: GET /api/devices/e0db0991-5c15-4a98-bd05-7ed14cefbca5/sensors/2c7ffa6e-0163-4284-a3dd-10e0f123b523","level":"info"}
{"message":"Request: GET /api/devices/e0db0991-5c15-4a98-bd05-7ed14cefbca5/sensors/2c7ffa6e-0163-4284-a3dd-10e0f123b523","level":"info"}
{"message":"Request: GET /api/devices/e0db0991-5c15-4a98-bd05-7ed14cefbca5/sensors/2c7ffa6e-0163-4284-a3dd-10e0f123b523","level":"info"}
{"message":"Request: GET /api/devices/e0db0991-5c15-4a98-bd05-7ed14cefbca5/sensors/2c7ffa6e-0163-4284-a3dd-10e0f123b523","level":"info"}
{"message":"Request: GET /api/devices/e0db0991-5c15-4a98-bd05-7ed14cefbca5/sensors/2c7ffa6e-0163-4284-a3dd-10e0f123b523","level":"info"}
{"message":"Request: GET /api/devices/e0db0991-5c15-4a98-bd05-7ed14cefbca5/sensors/2c7ffa6e-0163-4284-a3dd-10e0f123b523","level":"info"}
{"message":"Request: GET /api/devices/e0db0991-5c15-4a98-bd05-7ed14cefbca5/sensors/2c7ffa6e-0163-4284-a3dd-10e0f123b523","level":"info"}
{"message":"Request: GET /api/devices/e0db0991-5c15-4a98-bd05-7ed14cefbca5/sensors/2c7ffa6e-0163-4284-a3dd-10e0f123b523","level":"info"}
{"message":"Request: GET /api/devices/e0db0991-5c15-4a98-bd05-7ed14cefbca5/sensors/2c7ffa6e-0163-4284-a3dd-10e0f123b523","level":"info"}
{"message":"Request: GET /api/devices/e0db0991-5c15-4a98-bd05-7ed14cefbca5/sensors/2c7ffa6e-0163-4284-a3dd-10e0f123b523","level":"info"}
{"message":"Request: GET /api/devices/e0db0991-5c15-4a98-bd05-7ed14cefbca5/sensors/2c7ffa6e-0163-4284-a3dd-10e0f123b523","level":"info"}
{"message":"Request: GET /api/devices/e0db0991-5c15-4a98-bd05-7ed14cefbca5/sensors/2c7ffa6e-0163-4284-a3dd-10e0f123b523","level":"info"}
{"message":"Request: GET /api/devices/e0db0991-5c15-4a98-bd05-7ed14cefbca5/sensors/2c7ffa6e-0163-4284-a3dd-10e0f123b523","level":"info"}
{"message":"Request: GET /api/devices/e0db0991-5c15-4a98-bd05-7ed14cefbca5/sensors/2c7ffa6e-0163-4284-a3dd-10e0f123b523","level":"info"}
{"message":"Request: GET /api/devices/e0db0991-5c15-4a98-bd05-7ed14cefbca5/sensors/2c7ffa6e-0163-4284-a3dd-10e0f123b523","level":"info"}
{"message":"Request: GET /api/devices/e0db0991-5c15-4a98-bd05-7ed14cefbca5/sensors/2c7ffa6e-0163-4284-a3dd-10e0f123b523","level":"info"}
{"message":"Request: GET /api/devices/e0db0991-5c15-4a98-bd05-7ed14cefbca5/sensors/2c7ffa6e-0163-4284-a3dd-10e0f123b523","level":"info"}
{"message":"Request: GET /api/devices/e0db0991-5c15-4a98-bd05-7ed14cefbca5/sensors/2c7ffa6e-0163-4284-a3dd-10e0f123b523","level":"info"}
{"message":"Request: GET /api/devices/e0db0991-5c15-4a98-bd05-7ed14cefbca5/sensors/2c7ffa6e-0163-4284-a3dd-10e0f123b523","level":"info"}
{"message":"Request: GET /api/devices/e0db0991-5c15-4a98-bd05-7ed14cefbca5/sensors/2c7ffa6e-0163-4284-a3dd-10e0f123b523","level":"info"}
{"message":"Request: GET /api/devices/e0db0991-5c15-4a98-bd05-7ed14cefbca5/sensors/2c7ffa6e-0163-4284-a3dd-10e0f123b523","level":"info"}
{"message":"Request: GET /api/devices/e0db0991-5c15-4a98-bd05-7ed14cefbca5/sensors/2c7ffa6e-0163-4284-a3dd-10e0f123b523","level":"info"}
{"message":"Request: GET /api/devices/e0db0991-5c15-4a98-bd05-7ed14cefbca5/sensors/2c7ffa6e-0163-4284-a3dd-10e0f123b523","level":"info"}
{"message":"Request: GET /api/devices/e0db0991-5c15-4a98-bd05-7ed14cefbca5/sensors/2c7ffa6e-0163-4284-a3dd-10e0f123b523","level":"info"}
{"message":"Request: GET /api/devices/e0db0991-5c15-4a98-bd05-7ed14cefbca5/sensors/2c7ffa6e-0163-4284-a3dd-10e0f123b523","level":"info"}
{"message":"Request: GET /api/devices/e0db0991-5c15-4a98-bd05-7ed14cefbca5/sensors/2c7ffa6e-0163-4284-a3dd-10e0f123b523","level":"info"}
{"message":"Request: GET /api/devices/e0db0991-5c15-4a98-bd05-7ed14cefbca5/sensors/2c7ffa6e-0163-4284-a3dd-10e0f123b523","level":"info"}
{"message":"Request: GET /api/devices/e0db0991-5c15-4a98-bd05-7ed14cefbca5/sensors/2c7ffa6e-0163-4284-a3dd-10e0f123b523","level":"info"}
{"message":"Request: GET /api/devices/e0db0991-5c15-4a98-bd05-7ed14cefbca5/sensors/2c7ffa6e-0163-4284-a3dd-10e0f123b523","level":"info"}
{"message":"Request: GET /api/devices/e0db0991-5c15-4a98-bd05-7ed14cefbca5/sensors/2c7ffa6e-0163-4284-a3dd-10e0f123b523","level":"info"}
{"message":"Request: GET /api/devices/e0db0991-5c15-4a98-bd05-7ed14cefbca5/sensors/2c7ffa6e-0163-4284-a3dd-10e0f123b523","level":"info"}
{"message":"Request: GET /api/devices/e0db0991-5c15-4a98-bd05-7ed14cefbca5/sensors/2c7ffa6e-0163-4284-a3dd-10e0f123b523","level":"info"}
{"message":"Request: GET /api/devices/e0db0991-5c15-4a98-bd05-7ed14cefbca5/sensors/2c7ffa6e-0163-4284-a3dd-10e0f123b523","level":"info"}
{"message":"Request: GET /api/devices/e0db0991-5c15-4a98-bd05-7ed14cefbca5/sensors/2c7ffa6e-0163-4284-a3dd-10e0f123b523","level":"info"}
{"message":"Request: GET /api/devices/e0db0991-5c15-4a98-bd05-7ed14cefbca5/sensors/2c7ffa6e-0163-4284-a3dd-10e0f123b523","level":"info"}
{"message":"Request: GET /api/devices/e0db0991-5c15-4a98-bd05-7ed14cefbca5/sensors/2c7ffa6e-0163-4284-a3dd-10e0f123b523","level":"info"}
{"message":"Request: GET /api/devices/e0db0991-5c15-4a98-bd05-7ed14cefbca5/sensors/2c7ffa6e-0163-4284-a3dd-10e0f123b523","level":"info"}
{"message":"Request: GET /api/devices/e0db0991-5c15-4a98-bd05-7ed14cefbca5/sensors/2c7ffa6e-0163-4284-a3dd-10e0f123b523","level":"info"}
{"message":"Request: GET /api/devices/e0db0991-5c15-4a98-bd05-7ed14cefbca5/sensors/2c7ffa6e-0163-4284-a3dd-10e0f123b523","level":"info"}
{"message":"Request: GET /api/devices/e0db0991-5c15-4a98-bd05-7ed14cefbca5/sensors/2c7ffa6e-0163-4284-a3dd-10e0f123b523","level":"info"}
{"message":"Request: GET /api/devices/e0db0991-5c15-4a98-bd05-7ed14cefbca5/sensors/2c7ffa6e-0163-4284-a3dd-10e0f123b523","level":"info"}
{"message":"Request: GET /api/devices/e0db0991-5c15-4a98-bd05-7ed14cefbca5/sensors/2c7ffa6e-0163-4284-a3dd-10e0f123b523","level":"info"}
{"message":"Request: GET /api/devices/e0db0991-5c15-4a98-bd05-7ed14cefbca5/sensors/2c7ffa6e-0163-4284-a3dd-10e0f123b523","level":"info"}
{"message":"Request: GET /api/devices/e0db0991-5c15-4a98-bd05-7ed14cefbca5/sensors/2c7ffa6e-0163-4284-a3dd-10e0f123b523","level":"info"}
{"message":"Request: GET /api/devices/e0db0991-5c15-4a98-bd05-7ed14cefbca5/sensors/2c7ffa6e-0163-4284-a3dd-10e0f123b523","level":"info"}
{"message":"Request: GET /api/devices/e0db0991-5c15-4a98-bd05-7ed14cefbca5/sensors/2c7ffa6e-0163-4284-a3dd-10e0f123b523","level":"info"}
{"message":"Request: GET /api/devices/e0db0991-5c15-4a98-bd05-7ed14cefbca5/sensors/2c7ffa6e-0163-4284-a3dd-10e0f123b523","level":"info"}
{"message":"Request: GET /api/devices/e0db0991-5c15-4a98-bd05-7ed14cefbca5/sensors/2c7ffa6e-0163-4284-a3dd-10e0f123b523","level":"info"}
{"message":"Request: GET /api/devices/e0db0991-5c15-4a98-bd05-7ed14cefbca5/sensors/2c7ffa6e-0163-4284-a3dd-10e0f123b523","level":"info"}
{"message":"Request: GET /api/devices/e0db0991-5c15-4a98-bd05-7ed14cefbca5/sensors/2c7ffa6e-0163-4284-a3dd-10e0f123b523","level":"info"}
{"message":"Request: GET /api/devices/e0db0991-5c15-4a98-bd05-7ed14cefbca5/sensors/2c7ffa6e-0163-4284-a3dd-10e0f123b523","level":"info"}
{"message":"Request: GET /api/devices/e0db0991-5c15-4a98-bd05-7ed14cefbca5/sensors/2c7ffa6e-0163-4284-a3dd-10e0f123b523","level":"info"}
{"message":"Request: GET /api/devices/e0db0991-5c15-4a98-bd05-7ed14cefbca5/sensors/2c7ffa6e-0163-4284-a3dd-10e0f123b523","level":"info"}
{"message":"Request: GET /api/devices/e0db0991-5c15-4a98-bd05-7ed14cefbca5/sensors/2c7ffa6e-0163-4284-a3dd-10e0f123b523?scale=1H","level":"info"}
{"message":"Request: GET /api/devices/e0db0991-5c15-4a98-bd05-7ed14cefbca5/sensors/2c7ffa6e-0163-4284-a3dd-10e0f123b523?scale=1H","level":"info"}
{"message":"Request: GET /api/devices/e0db0991-5c15-4a98-bd05-7ed14cefbca5/sensors/2c7ffa6e-0163-4284-a3dd-10e0f123b523?scale=1H","level":"info"}
{"message":"Request: GET /api/devices/e0db0991-5c15-4a98-bd05-7ed14cefbca5/sensors/2c7ffa6e-0163-4284-a3dd-10e0f123b523?scale=1H","level":"info"}
{"message":"Request: GET /api/devices/e0db0991-5c15-4a98-bd05-7ed14cefbca5/sensors/2c7ffa6e-0163-4284-a3dd-10e0f123b523?scale=6H","level":"info"}
{"message":"Request: GET /api/devices/e0db0991-5c15-4a98-bd05-7ed14cefbca5/sensors/2c7ffa6e-0163-4284-a3dd-10e0f123b523?scale=1D","level":"info"}
{"message":"Request: GET /api/devices/e0db0991-5c15-4a98-bd05-7ed14cefbca5/sensors/2c7ffa6e-0163-4284-a3dd-10e0f123b523?scale=30D","level":"info"}
{"message":"Request: GET /api/devices/e0db0991-5c15-4a98-bd05-7ed14cefbca5/sensors/2c7ffa6e-0163-4284-a3dd-10e0f123b523?scale=1H","level":"info"}
{"message":"Request: GET /api/devices/e0db0991-5c15-4a98-bd05-7ed14cefbca5/sensors/2c7ffa6e-0163-4284-a3dd-10e0f123b523?scale=30D","level":"info"}
{"message":"Request: GET /api/devices/e0db0991-5c15-4a98-bd05-7ed14cefbca5/sensors/2c7ffa6e-0163-4284-a3dd-10e0f123b523?scale=1H","level":"info"}
{"message":"Request: GET /api/devices/e0db0991-5c15-4a98-bd05-7ed14cefbca5/sensors/2c7ffa6e-0163-4284-a3dd-10e0f123b523?scale=1H","level":"info"}
{"message":"Request: GET /api/devices/e0db0991-5c15-4a98-bd05-7ed14cefbca5/sensors/2c7ffa6e-0163-4284-a3dd-10e0f123b523?scale=6H","level":"info"}
{"message":"Request: GET /api/devices/e0db0991-5c15-4a98-bd05-7ed14cefbca5/sensors/2c7ffa6e-0163-4284-a3dd-10e0f123b523?scale=1D","level":"info"}
{"message":"Request: GET /api/devices/e0db0991-5c15-4a98-bd05-7ed14cefbca5/sensors/2c7ffa6e-0163-4284-a3dd-10e0f123b523?scale=30D","level":"info"}
{"message":"Request: GET /api/devices/e0db0991-5c15-4a98-bd05-7ed14cefbca5/sensors/2c7ffa6e-0163-4284-a3dd-10e0f123b523?scale=1H","level":"info"}
{"message":"Request: GET /api/devices/e0db0991-5c15-4a98-bd05-7ed14cefbca5/sensors/2c7ffa6e-0163-4284-a3dd-10e0f123b523?scale=6H","level":"info"}
{"message":"Request: GET /api/devices/e0db0991-5c15-4a98-bd05-7ed14cefbca5/sensors/2c7ffa6e-0163-4284-a3dd-10e0f123b523?scale=1D","level":"info"}
{"message":"Request: GET /api/devices/e0db0991-5c15-4a98-bd05-7ed14cefbca5/sensors/2c7ffa6e-0163-4284-a3dd-10e0f123b523?scale=30D","level":"info"}
{"message":"Request: GET /api/devices/e0db0991-5c15-4a98-bd05-7ed14cefbca5/sensors/2c7ffa6e-0163-4284-a3dd-10e0f123b523?scale=1H","level":"info"}
{"message":"Request: GET /api/devices/e0db0991-5c15-4a98-bd05-7ed14cefbca5/sensors/2c7ffa6e-0163-4284-a3dd-10e0f123b523?scale=1H","level":"info"}
{"message":"Request: GET /api/devices/e0db0991-5c15-4a98-bd05-7ed14cefbca5/sensors/2c7ffa6e-0163-4284-a3dd-10e0f123b523?scale=1H","level":"info"}
{"message":"Request: GET /api/devices/e0db0991-5c15-4a98-bd05-7ed14cefbca5/status","level":"info"}
{"message":"Request: GET /api/devices/e0db0991-5c15-4a98-bd05-7ed14cefbca5/sensors/2c7ffa6e-0163-4284-a3dd-10e0f123b523?scale=1H","level":"info"}
{"message":"Request: GET /api/devices/e0db0991-5c15-4a98-bd05-7ed14cefbca5/sensors/2c7ffa6e-0163-4284-a3dd-10e0f123b523?scale=1H","level":"info"}
{"message":"Request: GET /api/devices/e0db0991-5c15-4a98-bd05-7ed14cefbca5/status","level":"info"}
{"message":"Request: GET /api/devices/e0db0991-5c15-4a98-bd05-7ed14cefbca5/sensors/2c7ffa6e-0163-4284-a3dd-10e0f123b523?scale=1H","level":"info"}
{"message":"Request: GET /api/devices/e0db0991-5c15-4a98-bd05-7ed14cefbca5/sensors/2c7ffa6e-0163-4284-a3dd-10e0f123b523?scale=1H","level":"info"}
{"message":"Request: GET /api/devices/e0db0991-5c15-4a98-bd05-7ed14cefbca5/sensors/2c7ffa6e-0163-4284-a3dd-10e0f123b523?scale=1H","level":"info"}
{"message":"Request: GET /api/devices/e0db0991-5c15-4a98-bd05-7ed14cefbca5/sensors/2c7ffa6e-0163-4284-a3dd-10e0f123b523?scale=1H","level":"info"}
{"message":"Request: GET /api/devices/e0db0991-5c15-4a98-bd05-7ed14cefbca5/sensors/2c7ffa6e-0163-4284-a3dd-10e0f123b523?scale=1H","level":"info"}
{"message":"Request: GET /api/devices/e0db0991-5c15-4a98-bd05-7ed14cefbca5/sensors/2c7ffa6e-0163-4284-a3dd-10e0f123b523?scale=6H","level":"info"}
{"message":"Request: GET /api/devices/e0db0991-5c15-4a98-bd05-7ed14cefbca5/sensors/2c7ffa6e-0163-4284-a3dd-10e0f123b523?scale=1D","level":"info"}
{"message":"Request: GET /api/devices/e0db0991-5c15-4a98-bd05-7ed14cefbca5/sensors/2c7ffa6e-0163-4284-a3dd-10e0f123b523?scale=30D","level":"info"}
{"message":"Request: GET /api/devices/e0db0991-5c15-4a98-bd05-7ed14cefbca5/sensors/2c7ffa6e-0163-4284-a3dd-10e0f123b523?scale=1H","level":"info"}
{"message":"Request: GET /api/devices/e0db0991-5c15-4a98-bd05-7ed14cefbca5/sensors/2c7ffa6e-0163-4284-a3dd-10e0f123b523?scale=1H","level":"info"}
{"message":"Request: GET /api/devices/e0db0991-5c15-4a98-bd05-7ed14cefbca5/sensors/2c7ffa6e-0163-4284-a3dd-10e0f123b523?scale=1H","level":"info"}
{"message":"Request: GET /api/devices/e0db0991-5c15-4a98-bd05-7ed14cefbca5/sensors/2c7ffa6e-0163-4284-a3dd-10e0f123b523?scale=1H","level":"info"}
{"message":"Request: GET /api/devices/e0db0991-5c15-4a98-bd05-7ed14cefbca5/sensors/2c7ffa6e-0163-4284-a3dd-10e0f123b523?scale=1H","level":"info"}
{"message":"Request: GET /api/devices/e0db0991-5c15-4a98-bd05-7ed14cefbca5/sensors/2c7ffa6e-0163-4284-a3dd-10e0f123b523?scale=1H","level":"info"}
{"message":"Request: GET /api/devices/e0db0991-5c15-4a98-bd05-7ed14cefbca5/sensors/2c7ffa6e-0163-4284-a3dd-10e0f123b523?scale=1H","level":"info"}
{"message":"Request: GET /api/devices/e0db0991-5c15-4a98-bd05-7ed14cefbca5/sensors/2c7ffa6e-0163-4284-a3dd-10e0f123b523?scale=1H","level":"info"}
{"message":"Request: GET /api/devices/e0db0991-5c15-4a98-bd05-7ed14cefbca5/sensors/2c7ffa6e-0163-4284-a3dd-10e0f123b523?scale=1H","level":"info"}
{"message":"Request: GET /api/devices/e0db0991-5c15-4a98-bd05-7ed14cefbca5/sensors/2c7ffa6e-0163-4284-a3dd-10e0f123b523?scale=1H","level":"info"}
{"message":"Request: GET /api/devices/e0db0991-5c15-4a98-bd05-7ed14cefbca5/sensors/2c7ffa6e-0163-4284-a3dd-10e0f123b523?scale=1H","level":"info"}
{"message":"Request: GET /api/devices/e0db0991-5c15-4a98-bd05-7ed14cefbca5/sensors/2c7ffa6e-0163-4284-a3dd-10e0f123b523?scale=1H","level":"info"}
{"message":"Request: GET /api/devices/e0db0991-5c15-4a98-bd05-7ed14cefbca5/sensors/2c7ffa6e-0163-4284-a3dd-10e0f123b523?scale=6H","level":"info"}
{"message":"Request: GET /api/devices/e0db0991-5c15-4a98-bd05-7ed14cefbca5/sensors/2c7ffa6e-0163-4284-a3dd-10e0f123b523?scale=1D","level":"info"}
{"message":"Request: GET /api/devices/e0db0991-5c15-4a98-bd05-7ed14cefbca5/sensors/2c7ffa6e-0163-4284-a3dd-10e0f123b523?scale=30D","level":"info"}
{"message":"Request: GET /api/devices/e0db0991-5c15-4a98-bd05-7ed14cefbca5/sensors/2c7ffa6e-0163-4284-a3dd-10e0f123b523?scale=1D","level":"info"}
{"message":"Request: GET /api/devices/e0db0991-5c15-4a98-bd05-7ed14cefbca5/sensors/2c7ffa6e-0163-4284-a3dd-10e0f123b523?scale=6H","level":"info"}
{"message":"Request: GET /api/devices/e0db0991-5c15-4a98-bd05-7ed14cefbca5/sensors/2c7ffa6e-0163-4284-a3dd-10e0f123b523?scale=1H","level":"info"}
{"message":"Request: GET /api/devices/e0db0991-5c15-4a98-bd05-7ed14cefbca5/sensors/2c7ffa6e-0163-4284-a3dd-10e0f123b523?scale=1H","level":"info"}
{"message":"Request: GET /api/devices/e0db0991-5c15-4a98-bd05-7ed14cefbca5/status","level":"info"}
{"message":"Request: GET /api/devices/e0db0991-5c15-4a98-bd05-7ed14cefbca5/sensors/2c7ffa6e-0163-4284-a3dd-10e0f123b523?scale=1H","level":"info"}
{"message":"Request: GET /api/devices/e0db0991-5c15-4a98-bd05-7ed14cefbca5/sensors/66a5f82f-685b-4e55-bca3-091b71a6a508?scale=1H","level":"info"}
{"message":"Request: GET /api/devices/e0db0991-5c15-4a98-bd05-7ed14cefbca5/status","level":"info"}
{"message":"Request: GET /api/devices/e0db0991-5c15-4a98-bd05-7ed14cefbca5/sensors/2c7ffa6e-0163-4284-a3dd-10e0f123b523?scale=1H","level":"info"}
{"message":"Request: GET /api/devices/e0db0991-5c15-4a98-bd05-7ed14cefbca5/status","level":"info"}
{"message":"Request: GET /api/devices/e0db0991-5c15-4a98-bd05-7ed14cefbca5/sensors/2c7ffa6e-0163-4284-a3dd-10e0f123b523?scale=1H","level":"info"}
{"message":"Request: GET /api/devices/e0db0991-5c15-4a98-bd05-7ed14cefbca5/status","level":"info"}
{"message":"Request: GET /api/devices/e0db0991-5c15-4a98-bd05-7ed14cefbca5/sensors/2c7ffa6e-0163-4284-a3dd-10e0f123b523?scale=1H","level":"info"}
{"message":"Request: GET /api/devices/e0db0991-5c15-4a98-bd05-7ed14cefbca5/sensors/2c7ffa6e-0163-4284-a3dd-10e0f123b523?scale=1H","level":"info"}
{"message":"Request: GET /api/devices/e0db0991-5c15-4a98-bd05-7ed14cefbca5/sensors/2c7ffa6e-0163-4284-a3dd-10e0f123b523?scale=1H","level":"info"}
{"message":"Request: GET /api/devices/e0db0991-5c15-4a98-bd05-7ed14cefbca5/sensors/2c7ffa6e-0163-4284-a3dd-10e0f123b523?scale=1H","level":"info"}
{"message":"Request: GET /api/devices/e0db0991-5c15-4a98-bd05-7ed14cefbca5/sensors/2c7ffa6e-0163-4284-a3dd-10e0f123b523?scale=1H","level":"info"}
{"message":"Request: GET /api/devices/e0db0991-5c15-4a98-bd05-7ed14cefbca5/sensors/2c7ffa6e-0163-4284-a3dd-10e0f123b523?scale=1H","level":"info"}
{"message":"Request: GET /api/devices/e0db0991-5c15-4a98-bd05-7ed14cefbca5/sensors/2c7ffa6e-0163-4284-a3dd-10e0f123b523?scale=1H","level":"info"}
{"message":"Request: GET /api/devices/e0db0991-5c15-4a98-bd05-7ed14cefbca5/sensors/2c7ffa6e-0163-4284-a3dd-10e0f123b523?scale=1H","level":"info"}
{"message":"Request: GET /api/devices/e0db0991-5c15-4a98-bd05-7ed14cefbca5/sensors/2c7ffa6e-0163-4284-a3dd-10e0f123b523?scale=1H","level":"info"}
{"message":"Request: GET /api/devices/e0db0991-5c15-4a98-bd05-7ed14cefbca5/sensors/2c7ffa6e-0163-4284-a3dd-10e0f123b523?scale=1H","level":"info"}
{"message":"Request: GET /api/devices/e0db0991-5c15-4a98-bd05-7ed14cefbca5/sensors/2c7ffa6e-0163-4284-a3dd-10e0f123b523?scale=6H","level":"info"}
{"message":"Request: GET /api/devices/e0db0991-5c15-4a98-bd05-7ed14cefbca5/sensors/2c7ffa6e-0163-4284-a3dd-10e0f123b523?scale=1D","level":"info"}
{"message":"Request: GET /api/devices/e0db0991-5c15-4a98-bd05-7ed14cefbca5/sensors/2c7ffa6e-0163-4284-a3dd-10e0f123b523?scale=1H","level":"info"}
{"message":"Request: GET /api/devices/e0db0991-5c15-4a98-bd05-7ed14cefbca5/sensors/2c7ffa6e-0163-4284-a3dd-10e0f123b523?scale=1H","level":"info"}
{"message":"Request: GET /api/devices/e0db0991-5c15-4a98-bd05-7ed14cefbca5/sensors/2c7ffa6e-0163-4284-a3dd-10e0f123b523?scale=1H","level":"info"}
{"message":"Request: GET /api/devices/e0db0991-5c15-4a98-bd05-7ed14cefbca5/sensors/2c7ffa6e-0163-4284-a3dd-10e0f123b523?scale=1H","level":"info"}
{"message":"Request: GET /api/devices/e0db0991-5c15-4a98-bd05-7ed14cefbca5/sensors/2c7ffa6e-0163-4284-a3dd-10e0f123b523?scale=1H","level":"info"}
{"message":"Request: GET /api/devices/e0db0991-5c15-4a98-bd05-7ed14cefbca5/sensors/2c7ffa6e-0163-4284-a3dd-10e0f123b523?scale=1H","level":"info"}
{"message":"Request: GET /api/devices/e0db0991-5c15-4a98-bd05-7ed14cefbca5/sensors/2c7ffa6e-0163-4284-a3dd-10e0f123b523?scale=1H","level":"info"}
{"message":"Request: GET /api/devices/e0db0991-5c15-4a98-bd05-7ed14cefbca5/sensors/2c7ffa6e-0163-4284-a3dd-10e0f123b523?scale=1H","level":"info"}
{"message":"Request: GET /api/devices/e0db0991-5c15-4a98-bd05-7ed14cefbca5/sensors/2c7ffa6e-0163-4284-a3dd-10e0f123b523?scale=1H","level":"info"}
{"message":"Request: GET /api/devices/e0db0991-5c15-4a98-bd05-7ed14cefbca5/sensors/2c7ffa6e-0163-4284-a3dd-10e0f123b523?scale=1H","level":"info"}
{"message":"Request: GET /api/devices/e0db0991-5c15-4a98-bd05-7ed14cefbca5/sensors/2c7ffa6e-0163-4284-a3dd-10e0f123b523?scale=1H","level":"info"}
{"message":"Request: GET /api/devices/e0db0991-5c15-4a98-bd05-7ed14cefbca5/sensors/2c7ffa6e-0163-4284-a3dd-10e0f123b523?scale=1H","level":"info"}
{"message":"Request: GET /api/devices/e0db0991-5c15-4a98-bd05-7ed14cefbca5/sensors/2c7ffa6e-0163-4284-a3dd-10e0f123b523?scale=1H","level":"info"}
{"message":"Request: GET /api/devices/e0db0991-5c15-4a98-bd05-7ed14cefbca5/sensors/2c7ffa6e-0163-4284-a3dd-10e0f123b523?scale=1H","level":"info"}
{"message":"Request: GET /api/devices/e0db0991-5c15-4a98-bd05-7ed14cefbca5/sensors/2c7ffa6e-0163-4284-a3dd-10e0f123b523?scale=6H","level":"info"}
{"message":"Request: GET /api/devices/e0db0991-5c15-4a98-bd05-7ed14cefbca5/sensors/2c7ffa6e-0163-4284-a3dd-10e0f123b523?scale=1D","level":"info"}
{"message":"Request: GET /api/devices/e0db0991-5c15-4a98-bd05-7ed14cefbca5/sensors/2c7ffa6e-0163-4284-a3dd-10e0f123b523?scale=1H","level":"info"}
{"message":"Request: GET /api/devices/e0db0991-5c15-4a98-bd05-7ed14cefbca5/sensors/2c7ffa6e-0163-4284-a3dd-10e0f123b523?scale=1H","level":"info"}
{"message":"Request: GET /api/devices/e0db0991-5c15-4a98-bd05-7ed14cefbca5/status","level":"info"}
{"message":"Request: GET /api/devices/e0db0991-5c15-4a98-bd05-7ed14cefbca5/sensors/2c7ffa6e-0163-4284-a3dd-10e0f123b523?scale=1H","level":"info"}
{"message":"Request: GET /api/devices/e0db0991-5c15-4a98-bd05-7ed14cefbca5/status","level":"info"}
{"message":"Request: GET /api/devices/e0db0991-5c15-4a98-bd05-7ed14cefbca5/sensors/2c7ffa6e-0163-4284-a3dd-10e0f123b523?scale=1H","level":"info"}
{"message":"Request: GET /api/devices/e0db0991-5c15-4a98-bd05-7ed14cefbca5/sensors/2c7ffa6e-0163-4284-a3dd-10e0f123b523?scale=1H","level":"info"}
{"message":"Request: GET /api/devices/e0db0991-5c15-4a98-bd05-7ed14cefbca5/sensors/2c7ffa6e-0163-4284-a3dd-10e0f123b523?scale=1H","level":"info"}
{"message":"Request: GET /api/devices/e0db0991-5c15-4a98-bd05-7ed14cefbca5/sensors/2c7ffa6e-0163-4284-a3dd-10e0f123b523?scale=1H","level":"info"}
{"message":"Request: GET /api/devices/e0db0991-5c15-4a98-bd05-7ed14cefbca5/sensors/2c7ffa6e-0163-4284-a3dd-10e0f123b523?scale=1H","level":"info"}
{"message":"Request: GET /api/devices/e0db0991-5c15-4a98-bd05-7ed14cefbca5/status","level":"info"}
{"message":"Request: GET /api/devices/e0db0991-5c15-4a98-bd05-7ed14cefbca5/status","level":"info"}
{"message":"Request: GET /api/devices/e0db0991-5c15-4a98-bd05-7ed14cefbca5/status","level":"info"}
{"message":"Request: GET /api/devices/e0db0991-5c15-4a98-bd05-7ed14cefbca5/sensors/2c7ffa6e-0163-4284-a3dd-10e0f123b523?scale=1H","level":"info"}
{"message":"Request: GET /api/devices/e0db0991-5c15-4a98-bd05-7ed14cefbca5/sensors/2c7ffa6e-0163-4284-a3dd-10e0f123b523?scale=1H","level":"info"}
{"message":"Request: GET /api/devices/e0db0991-5c15-4a98-bd05-7ed14cefbca5/sensors/2c7ffa6e-0163-4284-a3dd-10e0f123b523?scale=1H","level":"info"}
{"message":"Request: GET /api/devices/e0db0991-5c15-4a98-bd05-7ed14cefbca5/sensors/2c7ffa6e-0163-4284-a3dd-10e0f123b523?scale=1H","level":"info"}
{"message":"Request: GET /api/devices/e0db0991-5c15-4a98-bd05-7ed14cefbca5/sensors/2c7ffa6e-0163-4284-a3dd-10e0f123b523?scale=1H","level":"info"}
{"message":"Request: GET /api/devices/e0db0991-5c15-4a98-bd05-7ed14cefbca5/status","level":"info"}
{"message":"Request: GET /api/devices/e0db0991-5c15-4a98-bd05-7ed14cefbca5/sensors/2c7ffa6e-0163-4284-a3dd-10e0f123b523?scale=1H","level":"info"}
{"message":"Request: GET /api/devices/e0db0991-5c15-4a98-bd05-7ed14cefbca5/sensors/2c7ffa6e-0163-4284-a3dd-10e0f123b523?scale=1H","level":"info"}
{"message":"Request: GET /api/devices/e0db0991-5c15-4a98-bd05-7ed14cefbca5/sensors/2c7ffa6e-0163-4284-a3dd-10e0f123b523?scale=1H","level":"info"}
{"message":"Request: GET /api/devices/e0db0991-5c15-4a98-bd05-7ed14cefbca5/status","level":"info"}
{"message":"Request: GET /api/devices/e0db0991-5c15-4a98-bd05-7ed14cefbca5/sensors/66a5f82f-685b-4e55-bca3-091b71a6a508?scale=1H","level":"info"}
{"message":"Request: GET /api/devices/e0db0991-5c15-4a98-bd05-7ed14cefbca5/sensors/2c7ffa6e-0163-4284-a3dd-10e0f123b523?scale=1H","level":"info"}
{"message":"Request: GET /api/devices/e0db0991-5c15-4a98-bd05-7ed14cefbca5/status","level":"info"}
{"message":"Request: GET /api/devices/e0db0991-5c15-4a98-bd05-7ed14cefbca5/status","level":"info"}
{"message":"Request: GET /api/devices/e0db0991-5c15-4a98-bd05-7ed14cefbca5/status","level":"info"}
{"message":"Request: GET /api/devices/e0db0991-5c15-4a98-bd05-7ed14cefbca5/sensors/2c7ffa6e-0163-4284-a3dd-10e0f123b523?scale=1H","level":"info"}
{"message":"Request: GET /api/devices/e0db0991-5c15-4a98-bd05-7ed14cefbca5/status","level":"info"}
{"message":"Request: GET /api/devices/e0db0991-5c15-4a98-bd05-7ed14cefbca5/sensors/cb52c169-25fb-4ec2-a555-aa32b5ebaa98?scale=1H","level":"info"}
{"message":"Request: GET /api/devices/e0db0991-5c15-4a98-bd05-7ed14cefbca5/sensors/81c5b2cf-56e5-4592-80cc-2df0c020c365?scale=1H","level":"info"}
{"message":"Request: GET /api/devices/e0db0991-5c15-4a98-bd05-7ed14cefbca5/sensors/d08048e2-a4c3-43c9-bfea-0348fe767645?scale=1H","level":"info"}
{"message":"Request: GET /api/devices/e0db0991-5c15-4a98-bd05-7ed14cefbca5/sensors/4a6f5508-45ca-4aa1-8bf5-b0646220f3b6?scale=1H","level":"info"}
{"message":"Request: GET /api/devices/e0db0991-5c15-4a98-bd05-7ed14cefbca5/sensors/4a6f5508-45ca-4aa1-8bf5-b0646220f3b6?scale=1H","level":"info"}
{"message":"Request: GET /api/devices/e0db0991-5c15-4a98-bd05-7ed14cefbca5/sensors/4a6f5508-45ca-4aa1-8bf5-b0646220f3b6?scale=1H","level":"info"}
{"message":"Request: GET /api/devices/e0db0991-5c15-4a98-bd05-7ed14cefbca5/sensors/4a6f5508-45ca-4aa1-8bf5-b0646220f3b6?scale=1H","level":"info"}
{"message":"Request: GET /api/devices/e0db0991-5c15-4a98-bd05-7ed14cefbca5/sensors/4a6f5508-45ca-4aa1-8bf5-b0646220f3b6?scale=6H","level":"info"}
{"message":"Request: GET /api/devices/e0db0991-5c15-4a98-bd05-7ed14cefbca5/sensors/4a6f5508-45ca-4aa1-8bf5-b0646220f3b6?scale=1H","level":"info"}
{"message":"Request: GET /api/devices/e0db0991-5c15-4a98-bd05-7ed14cefbca5/sensors/4a6f5508-45ca-4aa1-8bf5-b0646220f3b6?scale=6H","level":"info"}
{"message":"Request: GET /api/devices/e0db0991-5c15-4a98-bd05-7ed14cefbca5/sensors/4a6f5508-45ca-4aa1-8bf5-b0646220f3b6?scale=1D","level":"info"}
{"message":"Request: GET /api/devices/e0db0991-5c15-4a98-bd05-7ed14cefbca5/sensors/4a6f5508-45ca-4aa1-8bf5-b0646220f3b6?scale=1H","level":"info"}
{"message":"Request: GET /api/devices/e0db0991-5c15-4a98-bd05-7ed14cefbca5/sensors/4a6f5508-45ca-4aa1-8bf5-b0646220f3b6?scale=6H","level":"info"}
{"message":"Request: GET /api/devices/e0db0991-5c15-4a98-bd05-7ed14cefbca5/sensors/4a6f5508-45ca-4aa1-8bf5-b0646220f3b6?scale=1H","level":"info"}
{"message":"Request: GET /api/devices/e0db0991-5c15-4a98-bd05-7ed14cefbca5/sensors/4a6f5508-45ca-4aa1-8bf5-b0646220f3b6?scale=6H","level":"info"}
{"message":"Request: GET /api/devices/e0db0991-5c15-4a98-bd05-7ed14cefbca5/sensors/4a6f5508-45ca-4aa1-8bf5-b0646220f3b6?scale=1H","level":"info"}
{"message":"Request: GET /api/devices/e0db0991-5c15-4a98-bd05-7ed14cefbca5/sensors/4a6f5508-45ca-4aa1-8bf5-b0646220f3b6?scale=6H","level":"info"}
{"message":"Request: GET /api/devices/e0db0991-5c15-4a98-bd05-7ed14cefbca5/sensors/4a6f5508-45ca-4aa1-8bf5-b0646220f3b6?scale=1D","level":"info"}
{"message":"Request: GET /api/devices/e0db0991-5c15-4a98-bd05-7ed14cefbca5/sensors/4a6f5508-45ca-4aa1-8bf5-b0646220f3b6?scale=30D","level":"info"}
{"message":"Request: GET /api/devices/e0db0991-5c15-4a98-bd05-7ed14cefbca5/sensors/4a6f5508-45ca-4aa1-8bf5-b0646220f3b6?scale=1H","level":"info"}
{"message":"Request: GET /api/devices/e0db0991-5c15-4a98-bd05-7ed14cefbca5/sensors/4a6f5508-45ca-4aa1-8bf5-b0646220f3b6?scale=6H","level":"info"}
{"message":"Request: GET /api/devices/e0db0991-5c15-4a98-bd05-7ed14cefbca5/sensors/4a6f5508-45ca-4aa1-8bf5-b0646220f3b6?scale=1D","level":"info"}
{"message":"Request: GET /api/devices/e0db0991-5c15-4a98-bd05-7ed14cefbca5/sensors/4a6f5508-45ca-4aa1-8bf5-b0646220f3b6?scale=30D","level":"info"}
{"message":"Request: GET /api/devices/e0db0991-5c15-4a98-bd05-7ed14cefbca5/sensors/4a6f5508-45ca-4aa1-8bf5-b0646220f3b6?scale=1H","level":"info"}
{"message":"Request: GET /api/devices/e0db0991-5c15-4a98-bd05-7ed14cefbca5/sensors/4a6f5508-45ca-4aa1-8bf5-b0646220f3b6?scale=1H","level":"info"}
{"message":"Request: GET /api/devices/e0db0991-5c15-4a98-bd05-7ed14cefbca5/status","level":"info"}
{"message":"Request: GET /api/devices/e0db0991-5c15-4a98-bd05-7ed14cefbca5/sensors/81c5b2cf-56e5-4592-80cc-2df0c020c365?scale=1H","level":"info"}
{"message":"Request: GET /api/devices/e0db0991-5c15-4a98-bd05-7ed14cefbca5/sensors/cb52c169-25fb-4ec2-a555-aa32b5ebaa98?scale=1H","level":"info"}
{"message":"Request: GET /api/devices/e0db0991-5c15-4a98-bd05-7ed14cefbca5/sensors/d08048e2-a4c3-43c9-bfea-0348fe767645?scale=1H","level":"info"}
{"message":"Request: GET /api/devices/e0db0991-5c15-4a98-bd05-7ed14cefbca5/sensors/4a6f5508-45ca-4aa1-8bf5-b0646220f3b6?scale=1H","level":"info"}
{"message":"Request: GET /api/devices/e0db0991-5c15-4a98-bd05-7ed14cefbca5/sensors/5bcca0da-bd23-44f5-8c6a-574943be6782?scale=1H","level":"info"}
{"message":"Request: GET /api/devices/e0db0991-5c15-4a98-bd05-7ed14cefbca5/sensors/5bcca0da-bd23-44f5-8c6a-574943be6782?scale=1H","level":"info"}
{"message":"Request: GET /api/devices/e0db0991-5c15-4a98-bd05-7ed14cefbca5/sensors/5bcca0da-bd23-44f5-8c6a-574943be6782?scale=6H","level":"info"}
{"message":"Request: GET /api/devices/e0db0991-5c15-4a98-bd05-7ed14cefbca5/sensors/5bcca0da-bd23-44f5-8c6a-574943be6782?scale=1D","level":"info"}
{"message":"Request: GET /api/devices/e0db0991-5c15-4a98-bd05-7ed14cefbca5/status","level":"info"}
{"message":"Request: GET /api/devices/e0db0991-5c15-4a98-bd05-7ed14cefbca5/sensors/5bcca0da-bd23-44f5-8c6a-574943be6782?scale=1H","level":"info"}
{"message":"Request: GET /api/devices/e0db0991-5c15-4a98-bd05-7ed14cefbca5/sensors/5bcca0da-bd23-44f5-8c6a-574943be6782?scale=6H","level":"info"}
{"message":"Request: GET /api/devices/e0db0991-5c15-4a98-bd05-7ed14cefbca5/sensors/5bcca0da-bd23-44f5-8c6a-574943be6782?scale=1D","level":"info"}
{"message":"Request: GET /api/devices/e0db0991-5c15-4a98-bd05-7ed14cefbca5/sensors/5bcca0da-bd23-44f5-8c6a-574943be6782?scale=1H","level":"info"}
{"message":"Request: GET /api/devices/e0db0991-5c15-4a98-bd05-7ed14cefbca5/sensors/5bcca0da-bd23-44f5-8c6a-574943be6782?scale=6H","level":"info"}
{"message":"Request: GET /api/devices/e0db0991-5c15-4a98-bd05-7ed14cefbca5/sensors/5bcca0da-bd23-44f5-8c6a-574943be6782?scale=1D","level":"info"}
{"message":"Request: GET /api/devices/e0db0991-5c15-4a98-bd05-7ed14cefbca5/sensors/5bcca0da-bd23-44f5-8c6a-574943be6782?scale=30D","level":"info"}
{"message":"Request: GET /api/devices/e0db0991-5c15-4a98-bd05-7ed14cefbca5/sensors/5bcca0da-bd23-44f5-8c6a-574943be6782?scale=1H","level":"info"}
{"message":"Request: GET /api/devices/e0db0991-5c15-4a98-bd05-7ed14cefbca5/sensors/5bcca0da-bd23-44f5-8c6a-574943be6782?scale=6H","level":"info"}
{"message":"Request: GET /api/devices/e0db0991-5c15-4a98-bd05-7ed14cefbca5/sensors/5bcca0da-bd23-44f5-8c6a-574943be6782?scale=1H","level":"info"}
{"message":"Request: GET /api/devices/e0db0991-5c15-4a98-bd05-7ed14cefbca5/sensors/5bcca0da-bd23-44f5-8c6a-574943be6782?scale=6H","level":"info"}
{"message":"Request: GET /api/devices/e0db0991-5c15-4a98-bd05-7ed14cefbca5/sensors/5bcca0da-bd23-44f5-8c6a-574943be6782?scale=1H","level":"info"}
{"message":"Request: GET /api/devices/e0db0991-5c15-4a98-bd05-7ed14cefbca5/sensors/5bcca0da-bd23-44f5-8c6a-574943be6782?scale=6H","level":"info"}
{"message":"Request: GET /api/devices/e0db0991-5c15-4a98-bd05-7ed14cefbca5/sensors/5bcca0da-bd23-44f5-8c6a-574943be6782?scale=1H","level":"info"}
{"message":"Request: GET /api/devices/e0db0991-5c15-4a98-bd05-7ed14cefbca5/sensors/5bcca0da-bd23-44f5-8c6a-574943be6782?scale=6H","level":"info"}
{"message":"Request: GET /api/devices/e0db0991-5c15-4a98-bd05-7ed14cefbca5/sensors/5bcca0da-bd23-44f5-8c6a-574943be6782?scale=1H","level":"info"}
{"message":"Request: GET /api/devices/e0db0991-5c15-4a98-bd05-7ed14cefbca5/sensors/5bcca0da-bd23-44f5-8c6a-574943be6782?scale=6H","level":"info"}
{"message":"Request: GET /api/devices/e0db0991-5c15-4a98-bd05-7ed14cefbca5/sensors/5bcca0da-bd23-44f5-8c6a-574943be6782?scale=1D","level":"info"}
{"message":"Request: GET /api/devices/e0db0991-5c15-4a98-bd05-7ed14cefbca5/sensors/5bcca0da-bd23-44f5-8c6a-574943be6782?scale=30D","level":"info"}
{"message":"Request: GET /api/devices/e0db0991-5c15-4a98-bd05-7ed14cefbca5/sensors/5bcca0da-bd23-44f5-8c6a-574943be6782?scale=6H","level":"info"}
{"message":"Request: GET /api/devices/e0db0991-5c15-4a98-bd05-7ed14cefbca5/sensors/5bcca0da-bd23-44f5-8c6a-574943be6782?scale=1H","level":"info"}
{"message":"Request: GET /api/devices/e0db0991-5c15-4a98-bd05-7ed14cefbca5/sensors/5bcca0da-bd23-44f5-8c6a-574943be6782?scale=1H","level":"info"}
{"message":"Request: GET /api/devices/e0db0991-5c15-4a98-bd05-7ed14cefbca5/status","level":"info"}
{"message":"Request: GET /api/devices/e0db0991-5c15-4a98-bd05-7ed14cefbca5/sensors/cb52c169-25fb-4ec2-a555-aa32b5ebaa98?scale=1H","level":"info"}
{"message":"Request: GET /api/devices/e0db0991-5c15-4a98-bd05-7ed14cefbca5/status","level":"info"}
{"message":"Request: GET /api/devices/e0db0991-5c15-4a98-bd05-7ed14cefbca5/sensors/cb52c169-25fb-4ec2-a555-aa32b5ebaa98?scale=1H","level":"info"}
{"message":"Request: GET /api/devices/e0db0991-5c15-4a98-bd05-7ed14cefbca5/sensors/cb52c169-25fb-4ec2-a555-aa32b5ebaa98?scale=6H","level":"info"}
{"message":"Request: GET /api/devices/e0db0991-5c15-4a98-bd05-7ed14cefbca5/sensors/cb52c169-25fb-4ec2-a555-aa32b5ebaa98?scale=1D","level":"info"}
{"message":"Request: GET /api/devices/e0db0991-5c15-4a98-bd05-7ed14cefbca5/sensors/cb52c169-25fb-4ec2-a555-aa32b5ebaa98?scale=30D","level":"info"}
{"message":"Request: GET /api/devices/e0db0991-5c15-4a98-bd05-7ed14cefbca5/sensors/cb52c169-25fb-4ec2-a555-aa32b5ebaa98?scale=1H","level":"info"}
{"message":"Request: GET /api/devices/e0db0991-5c15-4a98-bd05-7ed14cefbca5/status","level":"info"}
{"message":"Request: GET /api/devices/e0db0991-5c15-4a98-bd05-7ed14cefbca5/status","level":"info"}
{"message":"Request: GET /api/devices/e0db0991-5c15-4a98-bd05-7ed14cefbca5/status","level":"info"}
{"message":"Request: GET /api/devices/e0db0991-5c15-4a98-bd05-7ed14cefbca5/status","level":"info"}
{"message":"Request: GET /api/devices/e0db0991-5c15-4a98-bd05-7ed14cefbca5/sensors/81c5b2cf-56e5-4592-80cc-2df0c020c365?scale=1H","level":"info"}
{"message":"Request: GET /api/devices/e0db0991-5c15-4a98-bd05-7ed14cefbca5/sensors/81c5b2cf-56e5-4592-80cc-2df0c020c365?scale=1H","level":"info"}
{"message":"Request: GET /api/devices/e0db0991-5c15-4a98-bd05-7ed14cefbca5/sensors/81c5b2cf-56e5-4592-80cc-2df0c020c365?scale=1H","level":"info"}
{"message":"Request: GET /api/devices/e0db0991-5c15-4a98-bd05-7ed14cefbca5/sensors/81c5b2cf-56e5-4592-80cc-2df0c020c365?scale=1H","level":"info"}
{"message":"Request: GET /api/devices/e0db0991-5c15-4a98-bd05-7ed14cefbca5/sensors/81c5b2cf-56e5-4592-80cc-2df0c020c365?scale=1H","level":"info"}
{"message":"Request: GET /api/devices/e0db0991-5c15-4a98-bd05-7ed14cefbca5/sensors/81c5b2cf-56e5-4592-80cc-2df0c020c365?scale=1H","level":"info"}
{"message":"Request: GET /api/devices/e0db0991-5c15-4a98-bd05-7ed14cefbca5/sensors/81c5b2cf-56e5-4592-80cc-2df0c020c365?scale=6H","level":"info"}
{"message":"Request: GET /api/devices/e0db0991-5c15-4a98-bd05-7ed14cefbca5/sensors/81c5b2cf-56e5-4592-80cc-2df0c020c365?scale=1H","level":"info"}
{"message":"Request: GET /api/devices/e0db0991-5c15-4a98-bd05-7ed14cefbca5/sensors/81c5b2cf-56e5-4592-80cc-2df0c020c365?scale=6H","level":"info"}
{"message":"Request: GET /api/devices/e0db0991-5c15-4a98-bd05-7ed14cefbca5/sensors/81c5b2cf-56e5-4592-80cc-2df0c020c365?scale=1D","level":"info"}
{"message":"Request: GET /api/devices/e0db0991-5c15-4a98-bd05-7ed14cefbca5/sensors/81c5b2cf-56e5-4592-80cc-2df0c020c365?scale=30D","level":"info"}
{"message":"Request: GET /api/devices/e0db0991-5c15-4a98-bd05-7ed14cefbca5/sensors/81c5b2cf-56e5-4592-80cc-2df0c020c365?scale=1D","level":"info"}
{"message":"Request: GET /api/devices/e0db0991-5c15-4a98-bd05-7ed14cefbca5/sensors/81c5b2cf-56e5-4592-80cc-2df0c020c365?scale=6H","level":"info"}
{"message":"Request: GET /api/devices/e0db0991-5c15-4a98-bd05-7ed14cefbca5/sensors/81c5b2cf-56e5-4592-80cc-2df0c020c365?scale=6H","level":"info"}
{"message":"Request: GET /api/devices/e0db0991-5c15-4a98-bd05-7ed14cefbca5/sensors/81c5b2cf-56e5-4592-80cc-2df0c020c365?scale=1H","level":"info"}
{"message":"Request: GET /api/devices/e0db0991-5c15-4a98-bd05-7ed14cefbca5/sensors/81c5b2cf-56e5-4592-80cc-2df0c020c365?scale=6H","level":"info"}
{"message":"Request: GET /api/devices/e0db0991-5c15-4a98-bd05-7ed14cefbca5/sensors/81c5b2cf-56e5-4592-80cc-2df0c020c365?scale=1H","level":"info"}
{"message":"Request: GET /api/devices/e0db0991-5c15-4a98-bd05-7ed14cefbca5/sensors/81c5b2cf-56e5-4592-80cc-2df0c020c365?scale=6H","level":"info"}
{"message":"Request: GET /api/devices/e0db0991-5c15-4a98-bd05-7ed14cefbca5/sensors/81c5b2cf-56e5-4592-80cc-2df0c020c365?scale=1H","level":"info"}
{"message":"Request: GET /api/devices/e0db0991-5c15-4a98-bd05-7ed14cefbca5/sensors/81c5b2cf-56e5-4592-80cc-2df0c020c365?scale=1H","level":"info"}
{"message":"Request: GET /api/devices/e0db0991-5c15-4a98-bd05-7ed14cefbca5/sensors/81c5b2cf-56e5-4592-80cc-2df0c020c365?scale=1H","level":"info"}
{"message":"Request: GET /api/devices/e0db0991-5c15-4a98-bd05-7ed14cefbca5/sensors/81c5b2cf-56e5-4592-80cc-2df0c020c365?scale=6H","level":"info"}
{"message":"Request: GET /api/devices/e0db0991-5c15-4a98-bd05-7ed14cefbca5/sensors/81c5b2cf-56e5-4592-80cc-2df0c020c365?scale=1D","level":"info"}
{"message":"Request: GET /api/devices/e0db0991-5c15-4a98-bd05-7ed14cefbca5/sensors/81c5b2cf-56e5-4592-80cc-2df0c020c365?scale=6H","level":"info"}
{"message":"Request: GET /api/devices/e0db0991-5c15-4a98-bd05-7ed14cefbca5/sensors/81c5b2cf-56e5-4592-80cc-2df0c020c365?scale=1H","level":"info"}
{"message":"Request: GET /api/devices/e0db0991-5c15-4a98-bd05-7ed14cefbca5/sensors/81c5b2cf-56e5-4592-80cc-2df0c020c365?scale=6H","level":"info"}
{"message":"Request: GET /api/devices/e0db0991-5c15-4a98-bd05-7ed14cefbca5/sensors/81c5b2cf-56e5-4592-80cc-2df0c020c365?scale=1D","level":"info"}
{"message":"Request: GET /api/devices/e0db0991-5c15-4a98-bd05-7ed14cefbca5/sensors/81c5b2cf-56e5-4592-80cc-2df0c020c365?scale=30D","level":"info"}
{"message":"Request: GET /api/devices/e0db0991-5c15-4a98-bd05-7ed14cefbca5/sensors/81c5b2cf-56e5-4592-80cc-2df0c020c365?scale=1D","level":"info"}
{"message":"Request: GET /api/devices/e0db0991-5c15-4a98-bd05-7ed14cefbca5/sensors/81c5b2cf-56e5-4592-80cc-2df0c020c365?scale=6H","level":"info"}
{"message":"Request: GET /api/devices/e0db0991-5c15-4a98-bd05-7ed14cefbca5/sensors/81c5b2cf-56e5-4592-80cc-2df0c020c365?scale=6H","level":"info"}
{"message":"Request: GET /api/devices/e0db0991-5c15-4a98-bd05-7ed14cefbca5/sensors/81c5b2cf-56e5-4592-80cc-2df0c020c365?scale=1H","level":"info"}
{"message":"Request: GET /api/devices/e0db0991-5c15-4a98-bd05-7ed14cefbca5/sensors/81c5b2cf-56e5-4592-80cc-2df0c020c365?scale=1H","level":"info"}
{"message":"Request: GET /api/devices/e0db0991-5c15-4a98-bd05-7ed14cefbca5/sensors/81c5b2cf-56e5-4592-80cc-2df0c020c365?scale=6H","level":"info"}
{"message":"Request: GET /api/devices/e0db0991-5c15-4a98-bd05-7ed14cefbca5/sensors/81c5b2cf-56e5-4592-80cc-2df0c020c365?scale=1D","level":"info"}
{"message":"Request: GET /api/devices/e0db0991-5c15-4a98-bd05-7ed14cefbca5/sensors/81c5b2cf-56e5-4592-80cc-2df0c020c365?scale=6H","level":"info"}
{"message":"Request: GET /api/devices/e0db0991-5c15-4a98-bd05-7ed14cefbca5/sensors/81c5b2cf-56e5-4592-80cc-2df0c020c365?scale=1D","level":"info"}
{"message":"Request: GET /api/devices/e0db0991-5c15-4a98-bd05-7ed14cefbca5/sensors/81c5b2cf-56e5-4592-80cc-2df0c020c365?scale=6H","level":"info"}
{"message":"Request: GET /api/devices/e0db0991-5c15-4a98-bd05-7ed14cefbca5/sensors/81c5b2cf-56e5-4592-80cc-2df0c020c365?scale=1H","level":"info"}
{"message":"Request: GET /api/devices/e0db0991-5c15-4a98-bd05-7ed14cefbca5/sensors/81c5b2cf-56e5-4592-80cc-2df0c020c365?scale=6H","level":"info"}
{"message":"Request: GET /api/devices/e0db0991-5c15-4a98-bd05-7ed14cefbca5/status","level":"info"}
{"message":"Request: GET /api/devices/e0db0991-5c15-4a98-bd05-7ed14cefbca5/sensors/81c5b2cf-56e5-4592-80cc-2df0c020c365?scale=1H","level":"info"}
{"message":"Request: GET /api/devices/e0db0991-5c15-4a98-bd05-7ed14cefbca5/sensors/81c5b2cf-56e5-4592-80cc-2df0c020c365?scale=1H","level":"info"}
{"message":"Request: GET /api/devices/e0db0991-5c15-4a98-bd05-7ed14cefbca5/sensors/cb52c169-25fb-4ec2-a555-aa32b5ebaa98?scale=1H","level":"info"}
{"message":"Request: GET /api/devices/e0db0991-5c15-4a98-bd05-7ed14cefbca5/sensors/cb52c169-25fb-4ec2-a555-aa32b5ebaa98?scale=6H","level":"info"}
{"message":"Request: GET /api/devices/e0db0991-5c15-4a98-bd05-7ed14cefbca5/status","level":"info"}
{"message":"Request: GET /api/devices/e0db0991-5c15-4a98-bd05-7ed14cefbca5/sensors/cb52c169-25fb-4ec2-a555-aa32b5ebaa98?scale=1D","level":"info"}
{"message":"Request: GET /api/devices/e0db0991-5c15-4a98-bd05-7ed14cefbca5/sensors/cb52c169-25fb-4ec2-a555-aa32b5ebaa98?scale=30D","level":"info"}
{"message":"Request: GET /api/devices/e0db0991-5c15-4a98-bd05-7ed14cefbca5/sensors/cb52c169-25fb-4ec2-a555-aa32b5ebaa98?scale=1D","level":"info"}
{"message":"Request: GET /api/devices/e0db0991-5c15-4a98-bd05-7ed14cefbca5/sensors/cb52c169-25fb-4ec2-a555-aa32b5ebaa98?scale=6H","level":"info"}
{"message":"Request: GET /api/devices/e0db0991-5c15-4a98-bd05-7ed14cefbca5/sensors/cb52c169-25fb-4ec2-a555-aa32b5ebaa98?scale=1H","level":"info"}
{"message":"Request: GET /api/devices/e0db0991-5c15-4a98-bd05-7ed14cefbca5/status","level":"info"}
{"message":"Request: GET /api/devices/e0db0991-5c15-4a98-bd05-7ed14cefbca5/status","level":"info"}
{"message":"Request: GET /api/devices/e0db0991-5c15-4a98-bd05-7ed14cefbca5/status","level":"info"}
{"message":"Request: GET /api/devices/e0db0991-5c15-4a98-bd05-7ed14cefbca5/status","level":"info"}
{"message":"Request: GET /api/devices/e0db0991-5c15-4a98-bd05-7ed14cefbca5/status","level":"info"}
{"message":"Request: GET /api/devices/e0db0991-5c15-4a98-bd05-7ed14cefbca5/sensors/cb52c169-25fb-4ec2-a555-aa32b5ebaa98?scale=6H","level":"info"}
{"message":"Request: GET /api/devices/e0db0991-5c15-4a98-bd05-7ed14cefbca5/sensors/cb52c169-25fb-4ec2-a555-aa32b5ebaa98?scale=1D","level":"info"}
{"message":"Request: GET /api/devices/e0db0991-5c15-4a98-bd05-7ed14cefbca5/sensors/cb52c169-25fb-4ec2-a555-aa32b5ebaa98?scale=1H","level":"info"}
{"message":"Request: GET /api/devices/e0db0991-5c15-4a98-bd05-7ed14cefbca5/sensors/cb52c169-25fb-4ec2-a555-aa32b5ebaa98?scale=6H","level":"info"}
{"message":"Request: GET /api/devices/e0db0991-5c15-4a98-bd05-7ed14cefbca5/sensors/cb52c169-25fb-4ec2-a555-aa32b5ebaa98?scale=1D","level":"info"}
{"message":"Request: GET /api/devices/e0db0991-5c15-4a98-bd05-7ed14cefbca5/sensors/cb52c169-25fb-4ec2-a555-aa32b5ebaa98?scale=1H","level":"info"}
{"message":"Request: GET /api/devices/e0db0991-5c15-4a98-bd05-7ed14cefbca5/sensors/cb52c169-25fb-4ec2-a555-aa32b5ebaa98?scale=6H","level":"info"}
{"message":"Request: GET /api/devices/e0db0991-5c15-4a98-bd05-7ed14cefbca5/sensors/cb52c169-25fb-4ec2-a555-aa32b5ebaa98?scale=1D","level":"info"}
{"message":"Request: GET /api/devices/e0db0991-5c15-4a98-bd05-7ed14cefbca5/sensors/cb52c169-25fb-4ec2-a555-aa32b5ebaa98?scale=6H","level":"info"}
{"message":"Request: GET /api/devices/e0db0991-5c15-4a98-bd05-7ed14cefbca5/sensors/cb52c169-25fb-4ec2-a555-aa32b5ebaa98?scale=1H","level":"info"}
{"message":"Request: GET /api/devices/e0db0991-5c15-4a98-bd05-7ed14cefbca5/sensors/cb52c169-25fb-4ec2-a555-aa32b5ebaa98?scale=6H","level":"info"}
{"message":"Request: GET /api/devices/e0db0991-5c15-4a98-bd05-7ed14cefbca5/sensors/cb52c169-25fb-4ec2-a555-aa32b5ebaa98?scale=1H","level":"info"}
{"message":"Request: GET /api/devices/e0db0991-5c15-4a98-bd05-7ed14cefbca5/sensors/cb52c169-25fb-4ec2-a555-aa32b5ebaa98?scale=6H","level":"info"}
{"message":"Request: GET /api/devices/e0db0991-5c15-4a98-bd05-7ed14cefbca5/sensors/cb52c169-25fb-4ec2-a555-aa32b5ebaa98?scale=6H","level":"info"}
{"message":"Request: GET /api/devices/e0db0991-5c15-4a98-bd05-7ed14cefbca5/sensors/cb52c169-25fb-4ec2-a555-aa32b5ebaa98?scale=1H","level":"info"}
{"message":"Request: GET /api/devices/e0db0991-5c15-4a98-bd05-7ed14cefbca5/sensors/cb52c169-25fb-4ec2-a555-aa32b5ebaa98?scale=1D","level":"info"}
{"message":"Request: GET /api/devices/e0db0991-5c15-4a98-bd05-7ed14cefbca5/sensors/cb52c169-25fb-4ec2-a555-aa32b5ebaa98?scale=6H","level":"info"}
{"message":"Request: GET /api/devices/e0db0991-5c15-4a98-bd05-7ed14cefbca5/status","level":"info"}
{"message":"Request: GET /api/devices/e0db0991-5c15-4a98-bd05-7ed14cefbca5/sensors/cb52c169-25fb-4ec2-a555-aa32b5ebaa98?scale=1H","level":"info"}
{"message":"Request: GET /api/devices/e0db0991-5c15-4a98-bd05-7ed14cefbca5/sensors/cb52c169-25fb-4ec2-a555-aa32b5ebaa98?scale=6H","level":"info"}
{"message":"Request: GET /api/devices/e0db0991-5c15-4a98-bd05-7ed14cefbca5/status","level":"info"}
{"message":"Request: GET /api/devices/e0db0991-5c15-4a98-bd05-7ed14cefbca5/sensors/cb52c169-25fb-4ec2-a555-aa32b5ebaa98?scale=1H","level":"info"}
{"message":"Request: GET /api/devices/e0db0991-5c15-4a98-bd05-7ed14cefbca5/sensors/cb52c169-25fb-4ec2-a555-aa32b5ebaa98?scale=6H","level":"info"}
{"message":"Request: GET /api/devices/e0db0991-5c15-4a98-bd05-7ed14cefbca5/sensors/cb52c169-25fb-4ec2-a555-aa32b5ebaa98?scale=1H","level":"info"}
{"message":"Request: GET /api/devices/e0db0991-5c15-4a98-bd05-7ed14cefbca5/sensors/cb52c169-25fb-4ec2-a555-aa32b5ebaa98?scale=6H","level":"info"}
{"message":"Request: GET /api/devices/e0db0991-5c15-4a98-bd05-7ed14cefbca5/sensors/cb52c169-25fb-4ec2-a555-aa32b5ebaa98?scale=6H","level":"info"}
{"message":"Request: GET /api/devices/e0db0991-5c15-4a98-bd05-7ed14cefbca5/sensors/cb52c169-25fb-4ec2-a555-aa32b5ebaa98?scale=1D","level":"info"}
{"message":"Request: GET /api/devices/e0db0991-5c15-4a98-bd05-7ed14cefbca5/sensors/cb52c169-25fb-4ec2-a555-aa32b5ebaa98?scale=6H","level":"info"}
{"message":"Request: GET /api/devices/e0db0991-5c15-4a98-bd05-7ed14cefbca5/sensors/cb52c169-25fb-4ec2-a555-aa32b5ebaa98?scale=1D","level":"info"}
{"message":"Request: GET /api/devices/e0db0991-5c15-4a98-bd05-7ed14cefbca5/sensors/cb52c169-25fb-4ec2-a555-aa32b5ebaa98?scale=6H","level":"info"}
{"message":"Request: GET /api/devices/e0db0991-5c15-4a98-bd05-7ed14cefbca5/sensors/cb52c169-25fb-4ec2-a555-aa32b5ebaa98?scale=1D","level":"info"}
{"message":"Request: GET /api/devices/e0db0991-5c15-4a98-bd05-7ed14cefbca5/sensors/cb52c169-25fb-4ec2-a555-aa32b5ebaa98?scale=1H","level":"info"}
{"message":"Request: GET /api/devices/e0db0991-5c15-4a98-bd05-7ed14cefbca5/sensors/cb52c169-25fb-4ec2-a555-aa32b5ebaa98?scale=6H","level":"info"}
{"message":"Request: GET /api/devices/e0db0991-5c15-4a98-bd05-7ed14cefbca5/sensors/cb52c169-25fb-4ec2-a555-aa32b5ebaa98?scale=1D","level":"info"}
{"message":"Request: GET /api/devices/e0db0991-5c15-4a98-bd05-7ed14cefbca5/sensors/cb52c169-25fb-4ec2-a555-aa32b5ebaa98?scale=6H","level":"info"}
{"message":"Request: GET /api/devices/e0db0991-5c15-4a98-bd05-7ed14cefbca5/sensors/cb52c169-25fb-4ec2-a555-aa32b5ebaa98?scale=1H","level":"info"}
{"message":"Request: GET /api/devices/e0db0991-5c15-4a98-bd05-7ed14cefbca5/sensors/cb52c169-25fb-4ec2-a555-aa32b5ebaa98?scale=6H","level":"info"}
{"message":"Request: GET /api/devices/e0db0991-5c15-4a98-bd05-7ed14cefbca5/status","level":"info"}
{"message":"Request: GET /api/devices/e0db0991-5c15-4a98-bd05-7ed14cefbca5/sensors/5bcca0da-bd23-44f5-8c6a-574943be6782?scale=1H","level":"info"}
{"message":"Request: GET /api/devices/e0db0991-5c15-4a98-bd05-7ed14cefbca5/sensors/5bcca0da-bd23-44f5-8c6a-574943be6782?scale=6H","level":"info"}
{"message":"Request: GET /api/devices/e0db0991-5c15-4a98-bd05-7ed14cefbca5/sensors/5bcca0da-bd23-44f5-8c6a-574943be6782?scale=1D","level":"info"}
{"message":"Request: GET /api/devices/e0db0991-5c15-4a98-bd05-7ed14cefbca5/status","level":"info"}
{"message":"Request: GET /api/devices/e0db0991-5c15-4a98-bd05-7ed14cefbca5/status","level":"info"}
{"message":"Request: GET /api/devices/e0db0991-5c15-4a98-bd05-7ed14cefbca5/sensors/5bcca0da-bd23-44f5-8c6a-574943be6782?scale=6H","level":"info"}
{"message":"Request: GET /api/devices/e0db0991-5c15-4a98-bd05-7ed14cefbca5/sensors/5bcca0da-bd23-44f5-8c6a-574943be6782?scale=1H","level":"info"}
{"message":"Request: GET /api/devices/e0db0991-5c15-4a98-bd05-7ed14cefbca5/sensors/5bcca0da-bd23-44f5-8c6a-574943be6782?scale=6H","level":"info"}
{"message":"Request: GET /api/devices/e0db0991-5c15-4a98-bd05-7ed14cefbca5/sensors/5bcca0da-bd23-44f5-8c6a-574943be6782?scale=1D","level":"info"}
{"message":"Request: GET /api/devices/e0db0991-5c15-4a98-bd05-7ed14cefbca5/sensors/5bcca0da-bd23-44f5-8c6a-574943be6782?scale=6H","level":"info"}
{"message":"Request: GET /api/devices/e0db0991-5c15-4a98-bd05-7ed14cefbca5/sensors/5bcca0da-bd23-44f5-8c6a-574943be6782?scale=1D","level":"info"}
{"message":"Request: GET /api/devices/e0db0991-5c15-4a98-bd05-7ed14cefbca5/sensors/5bcca0da-bd23-44f5-8c6a-574943be6782?scale=6H","level":"info"}
{"message":"Request: GET /api/devices/e0db0991-5c15-4a98-bd05-7ed14cefbca5/sensors/5bcca0da-bd23-44f5-8c6a-574943be6782?scale=1D","level":"info"}
{"message":"Request: GET /api/devices/e0db0991-5c15-4a98-bd05-7ed14cefbca5/sensors/5bcca0da-bd23-44f5-8c6a-574943be6782?scale=30D","level":"info"}
{"message":"Request: GET /api/devices/e0db0991-5c15-4a98-bd05-7ed14cefbca5/sensors/5bcca0da-bd23-44f5-8c6a-574943be6782?scale=1H","level":"info"}
{"message":"Request: GET /api/devices/e0db0991-5c15-4a98-bd05-7ed14cefbca5/sensors/5bcca0da-bd23-44f5-8c6a-574943be6782?scale=6H","level":"info"}
{"message":"Request: GET /api/devices/e0db0991-5c15-4a98-bd05-7ed14cefbca5/sensors/5bcca0da-bd23-44f5-8c6a-574943be6782?scale=1H","level":"info"}
{"message":"Request: GET /api/devices/e0db0991-5c15-4a98-bd05-7ed14cefbca5/sensors/5bcca0da-bd23-44f5-8c6a-574943be6782?scale=6H","level":"info"}
{"message":"Request: GET /api/devices/e0db0991-5c15-4a98-bd05-7ed14cefbca5/sensors/5bcca0da-bd23-44f5-8c6a-574943be6782?scale=1H","level":"info"}
{"message":"Request: GET /api/devices/e0db0991-5c15-4a98-bd05-7ed14cefbca5/sensors/5bcca0da-bd23-44f5-8c6a-574943be6782?scale=1D","level":"info"}
{"message":"Request: GET /api/devices/e0db0991-5c15-4a98-bd05-7ed14cefbca5/sensors/5bcca0da-bd23-44f5-8c6a-574943be6782?scale=30D","level":"info"}
{"message":"Request: GET /api/devices/e0db0991-5c15-4a98-bd05-7ed14cefbca5/sensors/5bcca0da-bd23-44f5-8c6a-574943be6782?scale=1D","level":"info"}
{"message":"Request: GET /api/devices/e0db0991-5c15-4a98-bd05-7ed14cefbca5/sensors/5bcca0da-bd23-44f5-8c6a-574943be6782?scale=6H","level":"info"}
{"message":"Request: GET /api/devices/e0db0991-5c15-4a98-bd05-7ed14cefbca5/sensors/5bcca0da-bd23-44f5-8c6a-574943be6782?scale=1H","level":"info"}
{"message":"Request: GET /api/devices/e0db0991-5c15-4a98-bd05-7ed14cefbca5/sensors/5bcca0da-bd23-44f5-8c6a-574943be6782?scale=1H","level":"info"}
{"message":"Request: GET /api/devices/e0db0991-5c15-4a98-bd05-7ed14cefbca5/sensors/5bcca0da-bd23-44f5-8c6a-574943be6782?scale=1H","level":"info"}
{"message":"Request: GET /api/devices/e0db0991-5c15-4a98-bd05-7ed14cefbca5/sensors/5bcca0da-bd23-44f5-8c6a-574943be6782?scale=1H","level":"info"}
{"message":"Request: GET /api/devices/e0db0991-5c15-4a98-bd05-7ed14cefbca5/sensors/5bcca0da-bd23-44f5-8c6a-574943be6782?scale=1H","level":"info"}
{"message":"Request: GET /api/devices/e0db0991-5c15-4a98-bd05-7ed14cefbca5/sensors/5bcca0da-bd23-44f5-8c6a-574943be6782?scale=1H","level":"info"}
{"message":"Request: GET /api/devices/e0db0991-5c15-4a98-bd05-7ed14cefbca5/status","level":"info"}
{"message":"Request: GET /api/devices/e0db0991-5c15-4a98-bd05-7ed14cefbca5/sensors/81c5b2cf-56e5-4592-80cc-2df0c020c365?scale=1H","level":"info"}
{"message":"Request: GET /api/devices/e0db0991-5c15-4a98-bd05-7ed14cefbca5/sensors/81c5b2cf-56e5-4592-80cc-2df0c020c365?scale=6H","level":"info"}
{"message":"Request: GET /api/devices/e0db0991-5c15-4a98-bd05-7ed14cefbca5/sensors/81c5b2cf-56e5-4592-80cc-2df0c020c365?scale=1D","level":"info"}
{"message":"Request: GET /api/devices/e0db0991-5c15-4a98-bd05-7ed14cefbca5/sensors/81c5b2cf-56e5-4592-80cc-2df0c020c365?scale=30D","level":"info"}
{"message":"Request: GET /api/devices/e0db0991-5c15-4a98-bd05-7ed14cefbca5/sensors/81c5b2cf-56e5-4592-80cc-2df0c020c365?scale=1D","level":"info"}
{"message":"Request: GET /api/devices/e0db0991-5c15-4a98-bd05-7ed14cefbca5/sensors/81c5b2cf-56e5-4592-80cc-2df0c020c365?scale=6H","level":"info"}
{"message":"Request: GET /api/devices/e0db0991-5c15-4a98-bd05-7ed14cefbca5/sensors/81c5b2cf-56e5-4592-80cc-2df0c020c365?scale=1H","level":"info"}
{"message":"Request: GET /api/devices/e0db0991-5c15-4a98-bd05-7ed14cefbca5/status","level":"info"}
{"message":"Request: GET /api/devices/e0db0991-5c15-4a98-bd05-7ed14cefbca5/status","level":"info"}
{"message":"Request: GET /api/devices/e0db0991-5c15-4a98-bd05-7ed14cefbca5/status","level":"info"}
{"message":"Request: GET /api/devices/e0db0991-5c15-4a98-bd05-7ed14cefbca5/status","level":"info"}
{"message":"Request: GET /api/devices/e0db0991-5c15-4a98-bd05-7ed14cefbca5/sensors/81c5b2cf-56e5-4592-80cc-2df0c020c365?scale=6H","level":"info"}
{"message":"Request: GET /api/devices/e0db0991-5c15-4a98-bd05-7ed14cefbca5/status","level":"info"}
{"message":"Request: GET /api/devices/e0db0991-5c15-4a98-bd05-7ed14cefbca5/status","level":"info"}
{"message":"Request: GET /api/devices/e0db0991-5c15-4a98-bd05-7ed14cefbca5/sensors/81c5b2cf-56e5-4592-80cc-2df0c020c365?scale=1H","level":"info"}
{"message":"Request: GET /api/devices/e0db0991-5c15-4a98-bd05-7ed14cefbca5/sensors/81c5b2cf-56e5-4592-80cc-2df0c020c365?scale=1H","level":"info"}
{"message":"Request: GET /api/devices/e0db0991-5c15-4a98-bd05-7ed14cefbca5/sensors/81c5b2cf-56e5-4592-80cc-2df0c020c365?scale=1H","level":"info"}
{"message":"Request: GET /api/devices/e0db0991-5c15-4a98-bd05-7ed14cefbca5/sensors/81c5b2cf-56e5-4592-80cc-2df0c020c365?scale=1H","level":"info"}
{"message":"Request: GET /api/devices/e0db0991-5c15-4a98-bd05-7ed14cefbca5/sensors/81c5b2cf-56e5-4592-80cc-2df0c020c365?scale=1H","level":"info"}
{"message":"Request: GET /api/devices/e0db0991-5c15-4a98-bd05-7ed14cefbca5/status","level":"info"}
{"message":"Request: GET /api/devices/e0db0991-5c15-4a98-bd05-7ed14cefbca5/sensors/cb52c169-25fb-4ec2-a555-aa32b5ebaa98?scale=1H","level":"info"}
{"message":"Request: GET /api/devices/e0db0991-5c15-4a98-bd05-7ed14cefbca5/sensors/cb52c169-25fb-4ec2-a555-aa32b5ebaa98?scale=1H","level":"info"}
{"message":"Request: GET /api/devices/e0db0991-5c15-4a98-bd05-7ed14cefbca5/status","level":"info"}
{"message":"Request: GET /api/devices/e0db0991-5c15-4a98-bd05-7ed14cefbca5/sensors/81c5b2cf-56e5-4592-80cc-2df0c020c365?scale=1H","level":"info"}
{"message":"Request: GET /api/devices/e0db0991-5c15-4a98-bd05-7ed14cefbca5/status","level":"info"}
{"message":"Request: GET /api/devices/e0db0991-5c15-4a98-bd05-7ed14cefbca5/status","level":"info"}
{"message":"Request: GET /api/devices/e0db0991-5c15-4a98-bd05-7ed14cefbca5/sensors/81c5b2cf-56e5-4592-80cc-2df0c020c365?scale=1H","level":"info"}
{"message":"Request: GET /api/devices/e0db0991-5c15-4a98-bd05-7ed14cefbca5/sensors/81c5b2cf-56e5-4592-80cc-2df0c020c365?scale=1H","level":"info"}
{"message":"Request: GET /api/devices/e0db0991-5c15-4a98-bd05-7ed14cefbca5/status","level":"info"}
{"message":"Request: GET /api/devices/e0db0991-5c15-4a98-bd05-7ed14cefbca5/sensors/cb52c169-25fb-4ec2-a555-aa32b5ebaa98?scale=1H","level":"info"}
{"message":"Request: GET /api/devices/e0db0991-5c15-4a98-bd05-7ed14cefbca5/sensors/cb52c169-25fb-4ec2-a555-aa32b5ebaa98?scale=1H","level":"info"}
{"message":"Request: GET /api/devices/e0db0991-5c15-4a98-bd05-7ed14cefbca5/sensors/cb52c169-25fb-4ec2-a555-aa32b5ebaa98?scale=1H","level":"info"}
{"message":"Request: GET /api/devices/e0db0991-5c15-4a98-bd05-7ed14cefbca5/status","level":"info"}
{"message":"Request: GET /api/devices/e0db0991-5c15-4a98-bd05-7ed14cefbca5/status","level":"info"}
{"message":"Request: GET /api/devices/e0db0991-5c15-4a98-bd05-7ed14cefbca5/sensors/cb52c169-25fb-4ec2-a555-aa32b5ebaa98?scale=1H","level":"info"}
{"message":"Request: GET /api/devices/e0db0991-5c15-4a98-bd05-7ed14cefbca5/sensors/cb52c169-25fb-4ec2-a555-aa32b5ebaa98?scale=1H","level":"info"}
{"message":"Request: GET /api/devices/e0db0991-5c15-4a98-bd05-7ed14cefbca5/status","level":"info"}
{"message":"Request: GET /api/devices/e0db0991-5c15-4a98-bd05-7ed14cefbca5/sensors/81c5b2cf-56e5-4592-80cc-2df0c020c365?scale=1H","level":"info"}
{"message":"Request: GET /api/devices/e0db0991-5c15-4a98-bd05-7ed14cefbca5/status","level":"info"}
{"message":"Request: GET /api/devices/e0db0991-5c15-4a98-bd05-7ed14cefbca5/sensors/81c5b2cf-56e5-4592-80cc-2df0c020c365?scale=1H","level":"info"}
{"message":"Request: GET /api/devices/e0db0991-5c15-4a98-bd05-7ed14cefbca5/sensors/81c5b2cf-56e5-4592-80cc-2df0c020c365?scale=1H","level":"info"}
{"message":"Request: GET /api/devices/e0db0991-5c15-4a98-bd05-7ed14cefbca5/sensors/81c5b2cf-56e5-4592-80cc-2df0c020c365?scale=1H","level":"info"}
{"message":"Request: GET /api/devices/e0db0991-5c15-4a98-bd05-7ed14cefbca5/status","level":"info"}
{"message":"Request: GET /api/devices/e0db0991-5c15-4a98-bd05-7ed14cefbca5/sensors/d08048e2-a4c3-43c9-bfea-0348fe767645?scale=1H","level":"info"}
{"message":"Request: GET /api/devices/e0db0991-5c15-4a98-bd05-7ed14cefbca5/status","level":"info"}
{"message":"Request: GET /api/devices/e0db0991-5c15-4a98-bd05-7ed14cefbca5/sensors/cb52c169-25fb-4ec2-a555-aa32b5ebaa98?scale=1H","level":"info"}
{"message":"Request: GET /api/devices/e0db0991-5c15-4a98-bd05-7ed14cefbca5/status","level":"info"}
{"message":"Request: GET /api/devices/e0db0991-5c15-4a98-bd05-7ed14cefbca5/sensors/cb52c169-25fb-4ec2-a555-aa32b5ebaa98?scale=1H","level":"info"}
{"message":"Request: GET /api/devices/e0db0991-5c15-4a98-bd05-7ed14cefbca5/sensors/cb52c169-25fb-4ec2-a555-aa32b5ebaa98?scale=1H","level":"info"}
{"message":"Request: GET /api/devices/e0db0991-5c15-4a98-bd05-7ed14cefbca5/sensors/cb52c169-25fb-4ec2-a555-aa32b5ebaa98?scale=6H","level":"info"}
{"message":"Request: GET /api/devices/e0db0991-5c15-4a98-bd05-7ed14cefbca5/sensors/cb52c169-25fb-4ec2-a555-aa32b5ebaa98?scale=1H","level":"info"}
{"message":"Request: GET /api/devices/e0db0991-5c15-4a98-bd05-7ed14cefbca5/sensors/cb52c169-25fb-4ec2-a555-aa32b5ebaa98?scale=6H","level":"info"}
{"message":"Request: GET /api/devices/e0db0991-5c15-4a98-bd05-7ed14cefbca5/sensors/cb52c169-25fb-4ec2-a555-aa32b5ebaa98?scale=1D","level":"info"}
{"message":"Request: GET /api/devices/e0db0991-5c15-4a98-bd05-7ed14cefbca5/sensors/cb52c169-25fb-4ec2-a555-aa32b5ebaa98?scale=30D","level":"info"}
{"message":"Request: GET /api/devices/e0db0991-5c15-4a98-bd05-7ed14cefbca5/sensors/cb52c169-25fb-4ec2-a555-aa32b5ebaa98?scale=1H","level":"info"}
{"message":"Request: GET /api/devices/e0db0991-5c15-4a98-bd05-7ed14cefbca5/sensors/cb52c169-25fb-4ec2-a555-aa32b5ebaa98?scale=6H","level":"info"}
{"message":"Request: GET /api/devices/e0db0991-5c15-4a98-bd05-7ed14cefbca5/sensors/cb52c169-25fb-4ec2-a555-aa32b5ebaa98?scale=1H","level":"info"}
{"message":"Request: GET /api/devices/e0db0991-5c15-4a98-bd05-7ed14cefbca5/sensors/cb52c169-25fb-4ec2-a555-aa32b5ebaa98?scale=6H","level":"info"}
{"message":"Request: GET /api/devices/e0db0991-5c15-4a98-bd05-7ed14cefbca5/sensors/cb52c169-25fb-4ec2-a555-aa32b5ebaa98?scale=1H","level":"info"}
{"message":"Request: GET /api/devices/e0db0991-5c15-4a98-bd05-7ed14cefbca5/sensors/cb52c169-25fb-4ec2-a555-aa32b5ebaa98?scale=6H","level":"info"}
{"message":"Request: GET /api/devices/e0db0991-5c15-4a98-bd05-7ed14cefbca5/sensors/cb52c169-25fb-4ec2-a555-aa32b5ebaa98?scale=1H","level":"info"}
{"message":"Request: GET /api/devices/e0db0991-5c15-4a98-bd05-7ed14cefbca5/sensors/cb52c169-25fb-4ec2-a555-aa32b5ebaa98?scale=6H","level":"info"}
{"message":"Request: GET /api/devices/e0db0991-5c15-4a98-bd05-7ed14cefbca5/sensors/cb52c169-25fb-4ec2-a555-aa32b5ebaa98?scale=1H","level":"info"}
{"message":"Request: GET /api/devices/e0db0991-5c15-4a98-bd05-7ed14cefbca5/sensors/cb52c169-25fb-4ec2-a555-aa32b5ebaa98?scale=6H","level":"info"}
{"message":"Request: GET /api/devices/e0db0991-5c15-4a98-bd05-7ed14cefbca5/sensors/cb52c169-25fb-4ec2-a555-aa32b5ebaa98?scale=1H","level":"info"}
{"message":"Request: GET /api/devices/e0db0991-5c15-4a98-bd05-7ed14cefbca5/sensors/cb52c169-25fb-4ec2-a555-aa32b5ebaa98?scale=6H","level":"info"}
{"message":"Request: GET /api/devices/e0db0991-5c15-4a98-bd05-7ed14cefbca5/sensors/cb52c169-25fb-4ec2-a555-aa32b5ebaa98?scale=1H","level":"info"}
{"message":"Request: GET /api/devices/e0db0991-5c15-4a98-bd05-7ed14cefbca5/sensors/cb52c169-25fb-4ec2-a555-aa32b5ebaa98?scale=6H","level":"info"}
{"message":"Request: GET /api/devices/e0db0991-5c15-4a98-bd05-7ed14cefbca5/sensors/cb52c169-25fb-4ec2-a555-aa32b5ebaa98?scale=1H","level":"info"}
{"message":"Request: GET /api/devices/e0db0991-5c15-4a98-bd05-7ed14cefbca5/sensors/cb52c169-25fb-4ec2-a555-aa32b5ebaa98?scale=1H","level":"info"}
{"message":"Request: GET /api/devices/e0db0991-5c15-4a98-bd05-7ed14cefbca5/sensors/cb52c169-25fb-4ec2-a555-aa32b5ebaa98?scale=6H","level":"info"}
{"message":"Request: GET /api/devices/e0db0991-5c15-4a98-bd05-7ed14cefbca5/sensors/cb52c169-25fb-4ec2-a555-aa32b5ebaa98?scale=1D","level":"info"}
{"message":"Request: GET /api/devices/e0db0991-5c15-4a98-bd05-7ed14cefbca5/sensors/cb52c169-25fb-4ec2-a555-aa32b5ebaa98?scale=30D","level":"info"}
{"message":"Request: GET /api/devices/e0db0991-5c15-4a98-bd05-7ed14cefbca5/sensors/cb52c169-25fb-4ec2-a555-aa32b5ebaa98?scale=1D","level":"info"}
{"message":"Request: GET /api/devices/e0db0991-5c15-4a98-bd05-7ed14cefbca5/sensors/cb52c169-25fb-4ec2-a555-aa32b5ebaa98?scale=30D","level":"info"}
{"message":"Request: GET /api/devices/e0db0991-5c15-4a98-bd05-7ed14cefbca5/sensors/cb52c169-25fb-4ec2-a555-aa32b5ebaa98?scale=1D","level":"info"}
{"message":"Request: GET /api/devices/e0db0991-5c15-4a98-bd05-7ed14cefbca5/sensors/cb52c169-25fb-4ec2-a555-aa32b5ebaa98?scale=6H","level":"info"}
{"message":"Request: GET /api/devices/e0db0991-5c15-4a98-bd05-7ed14cefbca5/sensors/cb52c169-25fb-4ec2-a555-aa32b5ebaa98?scale=1D","level":"info"}
{"message":"Request: GET /api/devices/e0db0991-5c15-4a98-bd05-7ed14cefbca5/sensors/cb52c169-25fb-4ec2-a555-aa32b5ebaa98?scale=6H","level":"info"}
{"message":"Request: GET /api/devices/e0db0991-5c15-4a98-bd05-7ed14cefbca5/sensors/cb52c169-25fb-4ec2-a555-aa32b5ebaa98?scale=1H","level":"info"}
{"message":"Request: GET /api/devices/e0db0991-5c15-4a98-bd05-7ed14cefbca5/sensors/cb52c169-25fb-4ec2-a555-aa32b5ebaa98?scale=6H","level":"info"}
{"message":"Request: GET /api/devices/e0db0991-5c15-4a98-bd05-7ed14cefbca5/sensors/cb52c169-25fb-4ec2-a555-aa32b5ebaa98?scale=1D","level":"info"}
{"message":"Request: GET /api/devices/e0db0991-5c15-4a98-bd05-7ed14cefbca5/sensors/cb52c169-25fb-4ec2-a555-aa32b5ebaa98?scale=30D","level":"info"}
{"message":"Request: GET /api/devices/e0db0991-5c15-4a98-bd05-7ed14cefbca5/status","level":"info"}
{"message":"Request: GET /api/devices/e0db0991-5c15-4a98-bd05-7ed14cefbca5/sensors/d08048e2-a4c3-43c9-bfea-0348fe767645?scale=1H","level":"info"}
{"message":"Request: GET /api/devices/e0db0991-5c15-4a98-bd05-7ed14cefbca5/status","level":"info"}
{"message":"Request: GET /api/devices/e0db0991-5c15-4a98-bd05-7ed14cefbca5/status","level":"info"}
{"message":"Request: GET /api/devices/e0db0991-5c15-4a98-bd05-7ed14cefbca5/status","level":"info"}
{"message":"Request: GET /api/devices/e0db0991-5c15-4a98-bd05-7ed14cefbca5/status","level":"info"}
{"message":"Request: GET /api/devices/e0db0991-5c15-4a98-bd05-7ed14cefbca5/status","level":"info"}
{"message":"Request: GET /api/devices/e0db0991-5c15-4a98-bd05-7ed14cefbca5/status","level":"info"}
{"message":"Request: GET /api/devices/e0db0991-5c15-4a98-bd05-7ed14cefbca5/sensors/81c5b2cf-56e5-4592-80cc-2df0c020c365?scale=1H","level":"info"}
{"message":"Request: GET /api/devices/e0db0991-5c15-4a98-bd05-7ed14cefbca5/sensors/81c5b2cf-56e5-4592-80cc-2df0c020c365?scale=6H","level":"info"}
{"message":"Request: GET /api/devices/e0db0991-5c15-4a98-bd05-7ed14cefbca5/sensors/81c5b2cf-56e5-4592-80cc-2df0c020c365?scale=1D","level":"info"}
{"message":"Request: GET /api/devices/e0db0991-5c15-4a98-bd05-7ed14cefbca5/status","level":"info"}
{"message":"Request: GET /api/devices/e0db0991-5c15-4a98-bd05-7ed14cefbca5/sensors/81c5b2cf-56e5-4592-80cc-2df0c020c365?scale=1H","level":"info"}
{"message":"Request: GET /api/devices/e0db0991-5c15-4a98-bd05-7ed14cefbca5/sensors/81c5b2cf-56e5-4592-80cc-2df0c020c365?scale=6H","level":"info"}
{"message":"Request: GET /api/devices/e0db0991-5c15-4a98-bd05-7ed14cefbca5/sensors/81c5b2cf-56e5-4592-80cc-2df0c020c365?scale=1D","level":"info"}
{"message":"Request: GET /api/devices/e0db0991-5c15-4a98-bd05-7ed14cefbca5/sensors/81c5b2cf-56e5-4592-80cc-2df0c020c365?scale=30D","level":"info"}
{"message":"Request: GET /api/devices/e0db0991-5c15-4a98-bd05-7ed14cefbca5/sensors/81c5b2cf-56e5-4592-80cc-2df0c020c365?scale=1H","level":"info"}
{"message":"Request: GET /api/devices/e0db0991-5c15-4a98-bd05-7ed14cefbca5/sensors/81c5b2cf-56e5-4592-80cc-2df0c020c365?scale=6H","level":"info"}
{"message":"Request: GET /api/devices/e0db0991-5c15-4a98-bd05-7ed14cefbca5/sensors/81c5b2cf-56e5-4592-80cc-2df0c020c365?scale=1D","level":"info"}
{"message":"Request: GET /api/devices/e0db0991-5c15-4a98-bd05-7ed14cefbca5/status","level":"info"}
{"message":"Request: GET /api/devices/e0db0991-5c15-4a98-bd05-7ed14cefbca5/status","level":"info"}
{"message":"Request: GET /api/devices/e0db0991-5c15-4a98-bd05-7ed14cefbca5/status","level":"info"}
{"message":"Request: GET /api/devices/e0db0991-5c15-4a98-bd05-7ed14cefbca5/status","level":"info"}
{"message":"Request: GET /api/devices/e0db0991-5c15-4a98-bd05-7ed14cefbca5/status","level":"info"}
{"message":"Request: GET /api/devices/e0db0991-5c15-4a98-bd05-7ed14cefbca5/status","level":"info"}
{"message":"Request: GET /api/devices/e0db0991-5c15-4a98-bd05-7ed14cefbca5/status","level":"info"}
{"message":"Request: GET /api/devices/e0db0991-5c15-4a98-bd05-7ed14cefbca5/status","level":"info"}
{"message":"Request: GET /api/devices/e0db0991-5c15-4a98-bd05-7ed14cefbca5/status","level":"info"}
{"message":"Request: GET /api/devices/e0db0991-5c15-4a98-bd05-7ed14cefbca5/status","level":"info"}
{"message":"Request: GET /api/devices/e0db0991-5c15-4a98-bd05-7ed14cefbca5/status","level":"info"}
{"message":"Request: GET /api/devices/e0db0991-5c15-4a98-bd05-7ed14cefbca5/status","level":"info"}
{"message":"Request: GET /api/devices/e0db0991-5c15-4a98-bd05-7ed14cefbca5/status","level":"info"}
{"message":"Request: GET /api/devices/e0db0991-5c15-4a98-bd05-7ed14cefbca5/status","level":"info"}
{"message":"Request: GET /api/devices/e0db0991-5c15-4a98-bd05-7ed14cefbca5/status","level":"info"}
{"message":"Request: GET /api/devices/e0db0991-5c15-4a98-bd05-7ed14cefbca5/status","level":"info"}
{"message":"Request: GET /api/devices/e0db0991-5c15-4a98-bd05-7ed14cefbca5/status","level":"info"}
{"message":"Request: GET /api/devices/e0db0991-5c15-4a98-bd05-7ed14cefbca5/status","level":"info"}
{"message":"Request: GET /api/devices/e0db0991-5c15-4a98-bd05-7ed14cefbca5/status","level":"info"}
{"message":"Request: GET /api/devices/e0db0991-5c15-4a98-bd05-7ed14cefbca5/status","level":"info"}
{"message":"Request: GET /api/devices/e0db0991-5c15-4a98-bd05-7ed14cefbca5/status","level":"info"}
{"message":"Request: GET /api/devices/e0db0991-5c15-4a98-bd05-7ed14cefbca5/status","level":"info"}
{"message":"Request: GET /api/devices/e0db0991-5c15-4a98-bd05-7ed14cefbca5/sensors/cb52c169-25fb-4ec2-a555-aa32b5ebaa98?scale=1H","level":"info"}
{"message":"Request: GET /api/devices/e0db0991-5c15-4a98-bd05-7ed14cefbca5/sensors/cb52c169-25fb-4ec2-a555-aa32b5ebaa98?scale=6H","level":"info"}
{"message":"Request: GET /api/devices/e0db0991-5c15-4a98-bd05-7ed14cefbca5/sensors/cb52c169-25fb-4ec2-a555-aa32b5ebaa98?scale=1D","level":"info"}
{"message":"Request: GET /api/devices/e0db0991-5c15-4a98-bd05-7ed14cefbca5/sensors/cb52c169-25fb-4ec2-a555-aa32b5ebaa98?scale=30D","level":"info"}
{"message":"Request: GET /api/devices/e0db0991-5c15-4a98-bd05-7ed14cefbca5/sensors/cb52c169-25fb-4ec2-a555-aa32b5ebaa98?scale=1H","level":"info"}
{"message":"Request: GET /api/devices/e0db0991-5c15-4a98-bd05-7ed14cefbca5/sensors/4a6f5508-45ca-4aa1-8bf5-b0646220f3b6?scale=1H","level":"info"}
{"message":"Request: GET /api/devices/e0db0991-5c15-4a98-bd05-7ed14cefbca5/sensors/4a6f5508-45ca-4aa1-8bf5-b0646220f3b6?scale=6H","level":"info"}
{"message":"Request: GET /api/devices/e0db0991-5c15-4a98-bd05-7ed14cefbca5/sensors/4a6f5508-45ca-4aa1-8bf5-b0646220f3b6?scale=1D","level":"info"}
{"message":"Request: GET /api/devices/e0db0991-5c15-4a98-bd05-7ed14cefbca5/status","level":"info"}
{"message":"Request: GET /api/devices/e0db0991-5c15-4a98-bd05-7ed14cefbca5/sensors/d08048e2-a4c3-43c9-bfea-0348fe767645?scale=1H","level":"info"}
{"message":"Request: GET /api/devices/e0db0991-5c15-4a98-bd05-7ed14cefbca5/sensors/d08048e2-a4c3-43c9-bfea-0348fe767645?scale=6H","level":"info"}
{"message":"Request: GET /api/devices/e0db0991-5c15-4a98-bd05-7ed14cefbca5/sensors/d08048e2-a4c3-43c9-bfea-0348fe767645?scale=1D","level":"info"}
{"message":"Request: GET /api/devices/e0db0991-5c15-4a98-bd05-7ed14cefbca5/sensors/5bcca0da-bd23-44f5-8c6a-574943be6782?scale=1H","level":"info"}
{"message":"Request: GET /api/devices/e0db0991-5c15-4a98-bd05-7ed14cefbca5/sensors/5bcca0da-bd23-44f5-8c6a-574943be6782?scale=6H","level":"info"}
